packages/components/Accordion/index.tsx(113,10): error TS2322: Type '{ children: Element; onClick: () => void; type: "button"; fullWidth: true; }' is not assignable to type 'IntrinsicAttributes & Pick<Pick<Pick<DetailedHTMLProps<ButtonHTMLAttributes<HTMLButtonElement>, HTMLButtonElement>, "title" | "form" | "style" | "key" | "defaultChecked" | ... 259 more ... | "value"> & { ...; }, "title" | ... 264 more ... | "value"> & Partial<...>, "title" | ... 264 more ... | "value"> & { ...; } & ...'.
packages/components/AnimationDrawer/index.tsx(86,29): error TS2304: Cannot find name 'SyntheticEvent'.
packages/components/AnimationDrawer/index.tsx(126,8): error TS2322: Type '{ children: (Element | null)[]; position: Position; outerOffsetTop: string | undefined; outerOffsetBottom: string | undefined; orientationX: OrientationX; orientationY: OrientationY; ... 5 more ...; onClick: (() => void) | ... 1 more ... | undefined; }' is not assignable to type 'IntrinsicAttributes & Props'.
packages/components/AnimationDrawer/index.tsx(141,12): error TS2322: Type '{ style: { opacity: any; }; theme: BackdropTheme; }' is not assignable to type 'IntrinsicAttributes & Props'.
packages/components/AnimationDrawer/index.tsx(144,10): error TS2322: Type '{ children: Element; contentMaxHeight: string | undefined; contentMaxWidth: string | undefined; growContent: boolean | undefined; onClick: (event: any) => void; style: ParsedStyles; }' is not assignable to type 'IntrinsicAttributes & Props'.
packages/components/AppLayout/SpacedRegion/index.tsx(24,5): error TS2605: JSX element type 'ReactNode' is not a constructor function for JSX elements.
packages/components/AppLayout/SpacedRegion/index.tsx(25,7): error TS2605: JSX element type 'ReactNode' is not a constructor function for JSX elements.
packages/components/AppearancePicker/index.tsx(59,14): error TS2322: Type '{ selected: boolean; onClick: (appearanceColorId: string | number) => void; value: number; imageUrl: string; key: number; data-tracking: string; data-tracking-value: number; label: string; color: string[]; } | { ...; }' is not assignable to type 'IntrinsicAttributes & IntrinsicClassAttributes<Clickable> & Readonly<Props> & Readonly<{ children?: ReactNode; }>'.
packages/components/AppearancePicker/stories.tsx(129,9): error TS2322: Type 'null' is not assignable to type 'number | undefined'.
packages/components/AppearancePicker/stories.tsx(131,9): error TS2322: Type 'number' is not assignable to type '16 | 13 | 32 | undefined'.
packages/components/AppearancePicker/stories.tsx(142,7): error TS2322: Type 'number' is not assignable to type '16 | 13 | 32 | undefined'.
packages/components/Arrow/index.tsx(112,8): error TS2322: Type '{ size: string; toLeft: boolean | undefined; symbol: string; }' is not assignable to type 'IntrinsicAttributes & Props'.
packages/components/Arrow/stories.tsx(29,9): error TS2322: Type 'string' is not assignable to type '"circle" | "minimal" | undefined'.
packages/components/Arrow/stories.tsx(30,9): error TS2322: Type 'string' is not assignable to type '"silent" | "loud" | undefined'.
packages/components/ArticleImage/stories.tsx(18,6): error TS2322: Type '{ productId: number; width: string; ratio: number; placeholder: string; }' is not assignable to type 'IntrinsicAttributes & Props'.
packages/components/Backdrop/stories.tsx(28,9): error TS2605: JSX element type 'ReactNode' is not a constructor function for JSX elements.
packages/components/Backdrop/stories.tsx(36,9): error TS2322: Type 'string' is not assignable to type '"dark" | "light" | "lightest" | undefined'.
packages/components/BackdropWrapper/index.tsx(43,6): error TS2322: Type '{ children: (string | number | boolean | {} | ReactElement<any, string | ((props: any) => ReactElement<any, string | ... | (new (props: any) => Component<any, any, any>)> | null) | (new (props: any) => Component<...>)> | ... 4 more ... | undefined)[]; spacing: number; }' is not assignable to type 'IntrinsicAttributes & Pick<Pick<Pick<DetailedHTMLProps<HTMLAttributes<HTMLElement>, HTMLElement>, "title" | "style" | "key" | "defaultChecked" | "defaultValue" | "suppressContentEditableWarning" | ... 247 more ... | "onTransitionEndCapture"> & { ...; }, "title" | ... 253 more ... | "onTransitionEndCapture"> & Partia...'.
packages/components/BackdropWrapper/index.tsx(47,10): error TS2322: Type '{ children: Element; theme: BackdropTheme; }' is not assignable to type 'IntrinsicAttributes & Props'.
packages/components/BackdropWrapper/stories.tsx(37,14): error TS2322: Type '{ key: string; icon: string; size: string; iconSize: string; onClick: () => void; border: true; }' is not assignable to type 'IntrinsicAttributes & Props'.
packages/components/BackdropWrapper/stories.tsx(50,11): error TS2322: Type 'string' is not assignable to type '"dark" | "light" | "lightest" | undefined'.
packages/components/BannerCard/index.tsx(11,29): error TS2307: Cannot find module './assets/images/background.svg'.
packages/components/BannerCard/index.tsx(62,6): error TS2322: Type '{ children: Element; scaleOnHover: true; textCenter: true; backgroundColor: string | undefined; backgroundImage: any; backgroundSize: string; }' is not assignable to type 'IntrinsicAttributes & IntrinsicClassAttributes<Clickable> & Readonly<Props> & Readonly<{ children?: ReactNode; }>'.
packages/components/BannerCard/stories.tsx(36,9): error TS2322: Type 'string' is not assignable to type '"primary" | "silent" | "success" | "facebook" | "primary-inverted" | "secondary" | "cta" | "ghost" | "google" | undefined'.
packages/components/BannerCard/stories.tsx(74,11): error TS2322: Type 'string' is not assignable to type '"primary" | "silent" | "success" | "facebook" | "primary-inverted" | "secondary" | "cta" | "ghost" | "google" | undefined'.
packages/components/Breadcrumbs/Skeleton.tsx(11,5): error TS2605: JSX element type 'ReactNode' is not a constructor function for JSX elements.
packages/components/Breadcrumbs/Skeleton.tsx(13,5): error TS2605: JSX element type 'ReactNode' is not a constructor function for JSX elements.
packages/components/Breadcrumbs/Skeleton.tsx(15,5): error TS2605: JSX element type 'ReactNode' is not a constructor function for JSX elements.
packages/components/Breadcrumbs/index.tsx(13,21): error TS2304: Cannot find name 'SyntheticMouseEvent'.
packages/components/Breadcrumbs/stories.tsx(21,5): error TS2605: JSX element type 'ReactNode' is not a constructor function for JSX elements.
packages/components/Breadcrumbs/stories.tsx(52,7): error TS2605: JSX element type 'ReactNode' is not a constructor function for JSX elements.
packages/components/Breadcrumbs/stories.tsx(83,9): error TS2741: Property 'href' is missing in type '{ text: string; onClick: HandlerFunction; }' but required in type 'Crumb'.
packages/components/Breadcrumbs/stories.tsx(93,7): error TS2741: Property 'href' is missing in type '{ text: string; onClick: HandlerFunction; }' but required in type 'Crumb'.
packages/components/Breadcrumbs/stories.tsx(102,42): error TS2605: JSX element type 'ReactNode' is not a constructor function for JSX elements.
packages/components/Button/Icon.tsx(55,6): error TS2741: Property 'icon' is missing in type '{ children: (false | "" | Element | null | undefined)[]; size: "sm" | "md" | "lg" | { [key: string]: SizeProps; [key: number]: SizeProps; }; loading: boolean | undefined; }' but required in type 'Pick<Pick<Pick<DetailedHTMLProps<HTMLAttributes<HTMLSpanElement>, HTMLSpanElement>, "title" | "style" | "key" | "defaultChecked" | "defaultValue" | "suppressContentEditableWarning" | ... 247 more ... | "onTransitionEndCapture"> & { ...; } & Props, "title" | ... 256 more ... | "loading"> & Partial<...>, "title" | ......'.
packages/components/Button/index.tsx(313,7): error TS2322: Type '"button" | "reset" | "submit" | null' is not assignable to type '"button" | "reset" | "submit" | undefined'.
packages/components/Button/stories.tsx(25,7): error TS2322: Type 'string' is not assignable to type '"sm" | "md" | "lg" | { [key: string]: SizeProps; [key: number]: SizeProps; } | undefined'.
packages/components/Button/stories.tsx(26,7): error TS2322: Type 'string' is not assignable to type '"primary" | "silent" | "success" | "facebook" | "primary-inverted" | "secondary" | "cta" | "ghost" | "google" | undefined'.
packages/components/Button/stories.tsx(40,7): error TS2322: Type 'string' is not assignable to type '"a" | "button" | undefined'.
packages/components/Button/stories.tsx(41,7): error TS2322: Type 'string' is not assignable to type '"button" | "reset" | "submit" | undefined'.
packages/components/Button/stories.tsx(61,7): error TS2322: Type 'string' is not assignable to type '"sm" | "md" | "lg" | { [key: string]: SizeProps; [key: number]: SizeProps; } | undefined'.
packages/components/Button/stories.tsx(63,7): error TS2322: Type 'string' is not assignable to type '"a" | "button" | undefined'.
packages/components/Button/stories.tsx(64,7): error TS2322: Type 'string' is not assignable to type '"button" | "reset" | "submit" | undefined'.
packages/components/Button/stories.tsx(83,7): error TS2322: Type 'string' is not assignable to type '"sm" | "md" | "lg" | { [key: string]: SizeProps; [key: number]: SizeProps; } | undefined'.
packages/components/Button/stories.tsx(85,7): error TS2322: Type 'string' is not assignable to type '"a" | "button" | undefined'.
packages/components/Button/stories.tsx(86,7): error TS2322: Type 'string' is not assignable to type '"button" | "reset" | "submit" | undefined'.
packages/components/Card/IconWrapper.tsx(43,8): error TS2741: Property 'badge' is missing in type '{ children: "" | Element | null; deselected?: boolean | undefined; status: CardStatusType; }' but required in type 'Pick<Pick<Pick<DetailedHTMLProps<HTMLAttributes<HTMLSpanElement>, HTMLSpanElement>, "title" | "style" | "key" | "defaultChecked" | "defaultValue" | "suppressContentEditableWarning" | ... 247 more ... | "onTransitionEndCapture"> & { ...; } & Props, "title" | ... 256 more ... | "badge"> & Partial<...>, "title" | ... 2...'.
packages/components/Card/IconWrapper.tsx(46,13): error TS2322: Type 'string | null' is not assignable to type 'string'.
packages/components/Card/IconWrapper.tsx(47,13): error TS2322: Type 'string | null' is not assignable to type 'string | { width: string; height: string; } | undefined'.
packages/components/Card/IconWrapper.tsx(56,6): error TS2741: Property 'badge' is missing in type '{ children: string | number | null | undefined; deselected?: boolean | undefined; status: "selected" | "error" | "selectable" | "deselected" | "warning" | null | undefined; }' but required in type 'Pick<Pick<Pick<DetailedHTMLProps<HTMLAttributes<HTMLSpanElement>, HTMLSpanElement>, "title" | "style" | "key" | "defaultChecked" | "defaultValue" | "suppressContentEditableWarning" | ... 247 more ... | "onTransitionEndCapture"> & { ...; } & Props, "title" | ... 256 more ... | "badge"> & Partial<...>, "title" | ... 2...'.
packages/components/Card/index.tsx(108,3): error TS2322: Type 'null' is not assignable to type 'number'.
packages/components/Card/stories.tsx(42,16): error TS2554: Expected 2-3 arguments, but got 1.
packages/components/Card/stories.tsx(46,9): error TS2322: Type 'string' is not assignable to type '"selected" | "error" | "selectable" | "deselected" | "warning" | null | undefined'.
packages/components/Card/stories.tsx(47,26): error TS2554: Expected 2-3 arguments, but got 1.
packages/components/Card/stories.tsx(61,6): error TS2322: Type '{ children: (string | Element)[]; spacing: number; horizontalSpacing: number; textCenter: boolean; verticalCenter: boolean; horizontalCenter: boolean; style: { width: string; height: string; }; }' is not assignable to type 'IntrinsicAttributes & Props'.
packages/components/Card/stories.tsx(100,13): error TS2339: Property 'actionsTop' does not exist on type 'Readonly<{}> & Readonly<{ children?: ReactNode; }>'.
packages/components/Card/stories.tsx(107,8): error TS2322: Type '{ children: string; spacing: number; horizontalSpacing: number; style: { width: string; height: string; }; actions: Element[]; actionsTop: any; textCenter: true; verticalCenter: true; horizontalCenter: true; }' is not assignable to type 'IntrinsicAttributes & Props'.
packages/components/Card/stories.tsx(116,32): error TS2339: Property 'actionsTop' does not exist on type 'Readonly<{}> & Readonly<{ children?: ReactNode; }>'.
packages/components/Card/stories.tsx(129,21): error TS2322: Type '{ actionsTop: boolean; }' is not assignable to type 'IntrinsicAttributes & IntrinsicClassAttributes<CardWrapper> & Readonly<{}> & Readonly<{ children?: ReactNode; }>'.
packages/components/Card/stories.tsx(143,16): error TS2554: Expected 2-3 arguments, but got 1.
packages/components/Card/stories.tsx(147,9): error TS2322: Type 'string' is not assignable to type '"selected" | "error" | "selectable" | "deselected" | "warning" | null | undefined'.
packages/components/Card/stories.tsx(148,26): error TS2554: Expected 2-3 arguments, but got 1.
packages/components/Card/stories.tsx(153,9): error TS2605: JSX element type 'ReactNode' is not a constructor function for JSX elements.
packages/components/Carousel/ArrowButton.tsx(121,7): error TS2322: Type 'boolean | null | undefined' is not assignable to type 'boolean | undefined'.
packages/components/Carousel/Track.tsx(158,26): error TS2304: Cannot find name 'SyntheticMouseEvent'.
packages/components/Carousel/Track.tsx(158,45): error TS1099: Type argument list cannot be empty.
packages/components/Carousel/index.tsx(214,29): error TS2304: Cannot find name 'SyntheticMouseEvent'.
packages/components/Carousel/index.tsx(214,48): error TS1099: Type argument list cannot be empty.
packages/components/Carousel/index.tsx(219,24): error TS2345: Argument of type 'number | undefined' is not assignable to parameter of type 'number'.
packages/components/Carousel/index.tsx(223,29): error TS2304: Cannot find name 'SyntheticMouseEvent'.
packages/components/Carousel/index.tsx(223,48): error TS1099: Type argument list cannot be empty.
packages/components/Carousel/index.tsx(228,24): error TS2345: Argument of type 'number | undefined' is not assignable to parameter of type 'number'.
packages/components/Carousel/index.tsx(235,24): error TS2345: Argument of type 'number | undefined' is not assignable to parameter of type 'number'.
packages/components/Carousel/index.tsx(242,24): error TS2345: Argument of type 'number | undefined' is not assignable to parameter of type 'number'.
packages/components/Carousel/index.tsx(271,8): error TS2322: Type '{ key: string; variant: ArrowVariant; disabled: boolean; centerOffset: string | undefined; toLeft: true; onClick: (event: any) => void; data-tracking: string | undefined; }' is not assignable to type 'IntrinsicAttributes & Props'.
packages/components/Carousel/index.tsx(280,8): error TS2322: Type '{ key: string; variant: ArrowVariant; centerOffset: string | undefined; disabled: boolean; onClick: (event: any) => void; data-tracking: string | undefined; }' is not assignable to type 'IntrinsicAttributes & Props'.
packages/components/Carousel/index.tsx(312,7): error TS2322: Type 'number | false | undefined' is not assignable to type 'number | undefined'.
packages/components/Carousel/index.tsx(324,7): error TS2322: Type 'number | false | undefined' is not assignable to type 'number | undefined'.
packages/components/Carousel/stories.tsx(58,37): error TS2322: Type 'undefined' is not assignable to type 'string | number | string[]'.
packages/components/Carousel/utils.ts(248,33): error TS2538: Type 'undefined' cannot be used as an index type.
packages/components/Carousel/utils.ts(248,53): error TS2538: Type 'undefined' cannot be used as an index type.
packages/components/ClickRegion/stories.tsx(25,5): error TS2605: JSX element type 'ReactNode' is not a constructor function for JSX elements.
packages/components/ClickRegion/stories.tsx(31,24): error TS2554: Expected 2-3 arguments, but got 1.
packages/components/ClickRegion/stories.tsx(39,5): error TS2605: JSX element type 'ReactNode' is not a constructor function for JSX elements.
packages/components/ClickRegion/stories.tsx(45,24): error TS2554: Expected 2-3 arguments, but got 1.
packages/components/ColorCard/index.tsx(63,12): error TS2322: Type 'boolean | null | undefined' is not assignable to type 'boolean | undefined'.
packages/components/ColorCircle/index.tsx(49,40): error TS2322: Type '{ color: string | string[]; imageUrl?: string | undefined; size?: string | undefined; thin?: boolean | undefined; }' is not assignable to type 'Pick<Pick<Pick<DetailedHTMLProps<HTMLAttributes<HTMLSpanElement>, HTMLSpanElement>, "title" | "style" | "key" | "defaultChecked" | "defaultValue" | "suppressContentEditableWarning" | ... 247 more ... | "onTransitionEndCapture"> & { ...; } & Props, "title" | ... 256 more ... | "imageUrl"> & Partial<...>, "title" | .....'.
packages/components/ColorCircle/utils.ts(1,15): error TS2305: Module '"../../../node_modules/@types/styled-components"' has no exported member 'RuleSet'.
packages/components/ConfirmForm/index.tsx(51,14): error TS2322: Type '{ children: string; size: "md"; theme: "ghost"; onClick: (() => void) | undefined; disabled: boolean; }' is not assignable to type 'IntrinsicAttributes & Props'.
packages/components/ConfirmForm/index.tsx(54,14): error TS2322: Type '{ children: string; size: "md"; type: "submit"; onClick: (() => void) | undefined; disabled: boolean; loading: boolean; }' is not assignable to type 'IntrinsicAttributes & Props'.
packages/components/ConfirmForm/stories.tsx(26,7): error TS2605: JSX element type 'ReactNode' is not a constructor function for JSX elements.
packages/components/ConfirmForm/stories.tsx(53,8): error TS2741: Property 'children' is missing in type '{ cancelText: string; submitText: string; cancel: HandlerFunction; submit: HandlerFunction; loading: boolean; }' but required in type 'Props'.
packages/components/ConfirmForm/stories.tsx(73,8): error TS2741: Property 'children' is missing in type '{ heading: string; cancelText: string; submitText: string; cancel: HandlerFunction; submit: HandlerFunction; loading: boolean; }' but required in type 'Props'.
packages/components/ConfirmForm/stories.tsx(94,8): error TS2322: Type '{ children: Element; imgSrc: string; heading: string; placeholderText: string; cancelText: string; submitText: string; cancel: HandlerFunction; submit: HandlerFunction; loading: boolean; }' is not assignable to type 'IntrinsicAttributes & Props'.
packages/components/ConfirmForm/stories.tsx(107,10): error TS2741: Property 'name' is missing in type '{ placeholder: string; fullWidth: true; }' but required in type 'Readonly<Props>'.
packages/components/DesignImage/stories.tsx(18,6): error TS2322: Type '{ designId: number; width: string; ratio: number; placeholder: string; }' is not assignable to type 'IntrinsicAttributes & Props'.
packages/components/Dialog/index.tsx(14,21): error TS2304: Cannot find name 'SyntheticEvent'.
packages/components/Dialog/stories.tsx(44,10): error TS2322: Type '{ children: string; onClick: () => void; }' is not assignable to type 'IntrinsicAttributes & Props'.
packages/components/Dialog/stories.tsx(48,11): error TS2322: Type 'string' is not assignable to type '"dark" | "light" | "lightest" | undefined'.
packages/components/Dialog/stories.tsx(59,18): error TS2322: Type '{ children: string; key: number; fullWidth: true; onClick: () => void; }' is not assignable to type 'IntrinsicAttributes & Props'.
packages/components/Dialog/stories.tsx(86,10): error TS2322: Type '{ children: string; key: number; fullWidth: true; onClick: HandlerFunction; }' is not assignable to type 'IntrinsicAttributes & Props'.
packages/components/Dialog/stories.tsx(94,29): error TS2322: Type 'undefined' is not assignable to type 'string | number | string[]'.
packages/components/Divider/stories.tsx(33,7): error TS2605: JSX element type 'ReactNode' is not a constructor function for JSX elements.
packages/components/DotNav/index.tsx(36,29): error TS2304: Cannot find name 'SyntheticEvent'.
packages/components/DotNav/index.tsx(55,8): error TS2739: Type '{ children: Element[]; leader: number | undefined; trailer: number | undefined; }' is missing the following properties from type 'Pick<Pick<Pick<DetailedHTMLProps<HTMLAttributes<HTMLDivElement>, HTMLDivElement>, "title" | "style" | "key" | "defaultChecked" | "defaultValue" | "suppressContentEditableWarning" | ... 247 more ... | "onTransitionEndCapture"> & { ...; } & Props, "title" | ... 258 more ... | "onItemClick"> & Partial<...>, "title" | ....': items, onItemClick
packages/components/DotNav/index.tsx(57,12): error TS2322: Type '{ key: number; onClick: (event: any) => void; active: boolean; value: number; }' is not assignable to type 'IntrinsicAttributes & Props'.
packages/components/Flex/stories.tsx(24,7): error TS2322: Type 'string' is not assignable to type '"absolute" | "relative" | "static" | undefined'.
packages/components/Flex/stories.tsx(29,7): error TS2322: Type 'string' is not assignable to type '"hidden" | "visible" | undefined'.
packages/components/Flex/stories.tsx(35,7): error TS2322: Type 'string' is not assignable to type 'number | undefined'.
packages/components/Flex/stories.tsx(36,7): error TS2322: Type 'string' is not assignable to type 'number | undefined'.
packages/components/Flex/stories.tsx(38,28): error TS2345: Argument of type '100' is not assignable to parameter of type 'string | null'.
packages/components/Flex/stories.tsx(39,30): error TS2345: Argument of type '20' is not assignable to parameter of type 'string | null'.
packages/components/Flex/stories.tsx(40,34): error TS2345: Argument of type '100' is not assignable to parameter of type 'string | null'.
packages/components/Flex/stories.tsx(41,36): error TS2345: Argument of type '20' is not assignable to parameter of type 'string | null'.
packages/components/Flex/stories.tsx(42,34): error TS2345: Argument of type '100' is not assignable to parameter of type 'string | null'.
packages/components/Flex/stories.tsx(43,36): error TS2345: Argument of type '20' is not assignable to parameter of type 'string | null'.
packages/components/Flex/stories.tsx(58,7): error TS2322: Type 'string' is not assignable to type '"flex" | "inline-flex" | null | undefined'.
packages/components/Flex/stories.tsx(59,7): error TS2322: Type 'string' is not assignable to type '"center" | "space-around" | "space-between" | "flex-end" | "flex-start" | null | undefined'.
packages/components/Flex/stories.tsx(64,7): error TS2322: Type 'string' is not assignable to type '"center" | "stretch" | "flex-end" | "flex-start" | "baseline" | null | undefined'.
packages/components/Flex/stories.tsx(85,7): error TS2322: Type 'string' is not assignable to type '"absolute" | "relative" | "static" | undefined'.
packages/components/Flex/stories.tsx(90,7): error TS2322: Type 'string' is not assignable to type '"hidden" | "visible" | undefined'.
packages/components/Flex/stories.tsx(96,7): error TS2322: Type 'string' is not assignable to type 'number | undefined'.
packages/components/Flex/stories.tsx(97,7): error TS2322: Type 'string' is not assignable to type 'number | undefined'.
packages/components/Flex/stories.tsx(99,28): error TS2345: Argument of type '100' is not assignable to parameter of type 'string | null'.
packages/components/Flex/stories.tsx(100,30): error TS2345: Argument of type '20' is not assignable to parameter of type 'string | null'.
packages/components/Flex/stories.tsx(101,34): error TS2345: Argument of type '100' is not assignable to parameter of type 'string | null'.
packages/components/Flex/stories.tsx(102,36): error TS2345: Argument of type '20' is not assignable to parameter of type 'string | null'.
packages/components/Flex/stories.tsx(103,34): error TS2345: Argument of type '100' is not assignable to parameter of type 'string | null'.
packages/components/Flex/stories.tsx(104,36): error TS2345: Argument of type '20' is not assignable to parameter of type 'string | null'.
packages/components/Flex/stories.tsx(119,7): error TS2322: Type 'string' is not assignable to type '"block" | "inline" | "inline-block" | undefined'.
packages/components/Flex/stories.tsx(132,7): error TS2322: Type 'string' is not assignable to type '"absolute" | "relative" | "static" | undefined'.
packages/components/Flex/stories.tsx(137,7): error TS2322: Type 'string' is not assignable to type '"hidden" | "visible" | undefined'.
packages/components/Flex/stories.tsx(143,7): error TS2322: Type 'string' is not assignable to type 'number | undefined'.
packages/components/Flex/stories.tsx(144,7): error TS2322: Type 'string' is not assignable to type 'number | undefined'.
packages/components/Flex/stories.tsx(146,28): error TS2345: Argument of type '100' is not assignable to parameter of type 'string | null'.
packages/components/Flex/stories.tsx(147,30): error TS2345: Argument of type '20' is not assignable to parameter of type 'string | null'.
packages/components/Flex/stories.tsx(148,34): error TS2345: Argument of type '100' is not assignable to parameter of type 'string | null'.
packages/components/Flex/stories.tsx(149,36): error TS2345: Argument of type '20' is not assignable to parameter of type 'string | null'.
packages/components/Flex/stories.tsx(150,34): error TS2345: Argument of type '100' is not assignable to parameter of type 'string | null'.
packages/components/Flex/stories.tsx(151,36): error TS2345: Argument of type '20' is not assignable to parameter of type 'string | null'.
packages/components/Flex/stories.tsx(166,7): error TS2322: Type 'string' is not assignable to type '"flex" | "inline-flex" | null | undefined'.
packages/components/Flex/stories.tsx(167,7): error TS2322: Type 'string' is not assignable to type '"center" | "space-around" | "space-between" | "flex-end" | "flex-start" | null | undefined'.
packages/components/Flex/stories.tsx(172,7): error TS2322: Type 'string' is not assignable to type '"center" | "stretch" | "flex-end" | "flex-start" | "baseline" | null | undefined'.
packages/components/Flex/stories.tsx(183,9): error TS2322: Type 'string' is not assignable to type '"absolute" | "relative" | "static" | undefined'.
packages/components/Flex/stories.tsx(188,9): error TS2322: Type 'string' is not assignable to type '"hidden" | "visible" | undefined'.
packages/components/Flex/stories.tsx(194,9): error TS2322: Type 'string' is not assignable to type 'number | undefined'.
packages/components/Flex/stories.tsx(195,9): error TS2322: Type 'string' is not assignable to type 'number | undefined'.
packages/components/Flex/stories.tsx(197,30): error TS2345: Argument of type '100' is not assignable to parameter of type 'string | null'.
packages/components/Flex/stories.tsx(198,32): error TS2345: Argument of type '20' is not assignable to parameter of type 'string | null'.
packages/components/Flex/stories.tsx(199,36): error TS2345: Argument of type '100' is not assignable to parameter of type 'string | null'.
packages/components/Flex/stories.tsx(200,38): error TS2345: Argument of type '20' is not assignable to parameter of type 'string | null'.
packages/components/Flex/stories.tsx(201,36): error TS2345: Argument of type '100' is not assignable to parameter of type 'string | null'.
packages/components/Flex/stories.tsx(202,38): error TS2345: Argument of type '20' is not assignable to parameter of type 'string | null'.
packages/components/Flex/stories.tsx(217,9): error TS2322: Type 'string' is not assignable to type '"block" | "inline" | "inline-block" | undefined'.
packages/components/Footer/FixedFooter.tsx(34,16): error TS2339: Property 'bottomSpacing' does not exist on type 'Pick<DetailedHTMLProps<HTMLAttributes<HTMLDivElement>, HTMLDivElement>, "title" | "style" | "key" | "defaultChecked" | "defaultValue" | "suppressContentEditableWarning" | ... 247 more ... | "onTransitionEndCapture"> & { ...; } & ThemeProps<...>'.
packages/components/Footer/FixedFooter.tsx(43,8): error TS2339: Property 'animationPaused' does not exist on type 'Pick<DetailedHTMLProps<HTMLAttributes<HTMLDivElement>, HTMLDivElement>, "title" | "style" | "key" | "defaultChecked" | "defaultValue" | "suppressContentEditableWarning" | ... 247 more ... | "onTransitionEndCapture"> & { ...; } & ThemeProps<...>'.
packages/components/Footer/FixedFooter.tsx(49,8): error TS2339: Property 'zIndex' does not exist on type 'Pick<DetailedHTMLProps<HTMLAttributes<HTMLDivElement>, HTMLDivElement>, "title" | "style" | "key" | "defaultChecked" | "defaultValue" | "suppressContentEditableWarning" | ... 247 more ... | "onTransitionEndCapture"> & { ...; } & ThemeProps<...>'.
packages/components/Footer/FixedFooter.tsx(64,6): error TS2322: Type '{ children: ReactNode; zIndex: string | number | undefined; animationPaused: boolean | undefined; bottomSpacing: boolean | undefined; }' is not assignable to type 'IntrinsicAttributes & Pick<Pick<Pick<DetailedHTMLProps<HTMLAttributes<HTMLDivElement>, HTMLDivElement>, "title" | "style" | "key" | "defaultChecked" | "defaultValue" | ... 248 more ... | "onTransitionEndCapture"> & { ...; }, "title" | ... 253 more ... | "onTransitionEndCapture"> & Partial<...>, "title" | ... 253 mor...'.
packages/components/Footer/stories.tsx(38,6): error TS2322: Type '{ children: Element; zIndex: number; animationPaused: boolean; spacing: boolean; }' is not assignable to type 'IntrinsicAttributes & Props'.
packages/components/Form/Checkbox/index.tsx(111,6): error TS2739: Type '{ children: ("" | Element | null)[]; labelAtBottom: boolean; }' is missing the following properties from type 'Pick<Pick<Pick<DetailedHTMLProps<LabelHTMLAttributes<HTMLLabelElement>, HTMLLabelElement>, "title" | "form" | "style" | "key" | "defaultChecked" | "defaultValue" | "suppressContentEditableWarning" | ... 248 more ... | "htmlFor"> & { ...; } & Props, "title" | ... 262 more ... | "labelAtBottom"> & Partial<...>, "title...': name, value
packages/components/Form/Checkbox/index.tsx(112,8): error TS2322: Type '{ type: string; value: string; checked: boolean | undefined; disabled: boolean; name: string; } | { checked: boolean | undefined; name: string; value: any; onBlur?: Function | undefined; ... 5 more ...; disabled: boolean; }' is not assignable to type 'IntrinsicAttributes & Pick<Pick<Pick<DetailedHTMLProps<InputHTMLAttributes<HTMLInputElement>, HTMLInputElement>, "title" | "form" | "style" | "pattern" | "key" | "defaultChecked" | ... 278 more ... | "required"> & { ...; }, "title" | ... 284 more ... | "required"> & Partial<...>, "title" | ... 284 more ... | "requir...'.
packages/components/Form/Checkbox/index.tsx(125,18): error TS2739: Type '{ children: string; labelAtBottom: boolean; }' is missing the following properties from type 'Pick<Pick<Pick<DetailedHTMLProps<HTMLAttributes<HTMLSpanElement>, HTMLSpanElement>, "title" | "style" | "key" | "defaultChecked" | "defaultValue" | "suppressContentEditableWarning" | ... 247 more ... | "onTransitionEndCapture"> & { ...; } & Props, "title" | ... 260 more ... | "labelAtBottom"> & Partial<...>, "title"...': name, value
packages/components/Form/CheckboxGroup/index.tsx(47,26): error TS2304: Cannot find name 'SyntheticInputEvent'.
packages/components/Form/ColorToggle/index.tsx(14,22): error TS2304: Cannot find name 'SyntheticEvent'.
packages/components/Form/ColorToggle/index.tsx(66,9): error TS2322: Type 'string | null' is not assignable to type 'string | number | string[] | undefined'.
packages/components/Form/ColorToggle/stories.tsx(40,9): error TS2322: Type 'string' is not assignable to type '"checkbox" | "radio" | undefined'.
packages/components/Form/ColorToggle/stories.tsx(45,31): error TS2322: Type 'undefined' is not assignable to type 'string | number | string[]'.
packages/components/Form/ColorToggle/stories.tsx(57,7): error TS2322: Type 'string' is not assignable to type '"checkbox" | "radio" | undefined'.
packages/components/Form/ColorToggle/stories.tsx(61,29): error TS2322: Type 'undefined' is not assignable to type 'string | number | string[]'.
packages/components/Form/Input/Skeleton.tsx(45,7): error TS2605: JSX element type 'ReactNode' is not a constructor function for JSX elements.
packages/components/Form/Input/index.tsx(101,5): error TS2345: Argument of type '({ fileNames }: State) => false | FlattenSimpleInterpolation' is not assignable to parameter of type 'Interpolation<ThemedStyledProps<Pick<DetailedHTMLProps<HTMLAttributes<HTMLSpanElement>, HTMLSpanElement>, "title" | "style" | "key" | "defaultChecked" | "defaultValue" | "suppressContentEditableWarning" | ... 247 more ... | "onTransitionEndCapture"> & { ...; } & InputProps, any>>'.
packages/components/Form/Input/index.tsx(112,5): error TS2345: Argument of type '(props: Props) => false | (() => FlattenSimpleInterpolation)' is not assignable to parameter of type 'Interpolation<ThemedStyledProps<Pick<DetailedHTMLProps<InputHTMLAttributes<HTMLInputElement>, HTMLInputElement>, "title" | "form" | "style" | "pattern" | "key" | "defaultChecked" | "defaultValue" | ... 277 more ... | "required"> & { ...; } & InputProps, any>>'.
packages/components/Form/Input/index.tsx(186,8): error TS2304: Cannot find name 'SyntheticInputEvent'.
packages/components/Form/Input/index.tsx(232,10): error TS2741: Property 'name' is missing in type '{ children: (boolean | "" | Element | undefined)[]; fullWidth: boolean | undefined; }' but required in type 'Pick<Pick<Pick<DetailedHTMLProps<HTMLAttributes<HTMLDivElement>, HTMLDivElement>, "title" | "style" | "key" | "defaultChecked" | "defaultValue" | "suppressContentEditableWarning" | ... 247 more ... | "onTransitionEndCapture"> & { ...; } & Props, "title" | ... 265 more ... | "hintMessage"> & Partial<...>, "title" | ....'.
packages/components/Form/Input/index.tsx(278,14): error TS2741: Property 'name' is missing in type '{ children: Element; iconRight: string | undefined; }' but required in type 'Pick<Pick<Pick<DetailedHTMLProps<HTMLAttributes<HTMLDivElement>, HTMLDivElement>, "title" | "style" | "key" | "defaultChecked" | "defaultValue" | "suppressContentEditableWarning" | ... 247 more ... | "onTransitionEndCapture"> & { ...; } & Props, "title" | ... 265 more ... | "hintMessage"> & Partial<...>, "title" | ....'.
packages/components/Form/Input/index.tsx(284,14): error TS2741: Property 'name' is missing in type '{ children: Element; iconRight: string | undefined; }' but required in type 'Pick<Pick<Pick<DetailedHTMLProps<HTMLAttributes<HTMLDivElement>, HTMLDivElement>, "title" | "style" | "key" | "defaultChecked" | "defaultValue" | "suppressContentEditableWarning" | ... 247 more ... | "onTransitionEndCapture"> & { ...; } & Props, "title" | ... 265 more ... | "hintMessage"> & Partial<...>, "title" | ....'.
packages/components/Form/Input/index.tsx(294,14): error TS2741: Property 'name' is missing in type '{ children: Element; iconRight: string | undefined; }' but required in type 'Pick<Pick<Pick<DetailedHTMLProps<HTMLAttributes<HTMLDivElement>, HTMLDivElement>, "title" | "style" | "key" | "defaultChecked" | "defaultValue" | "suppressContentEditableWarning" | ... 247 more ... | "onTransitionEndCapture"> & { ...; } & Props, "title" | ... 265 more ... | "hintMessage"> & Partial<...>, "title" | ....'.
packages/components/Form/Input/stories.tsx(46,9): error TS2322: Type 'string' is not assignable to type '"time" | "text" | "date" | "password" | "email" | "file" | undefined'.
packages/components/Form/Input/stories.tsx(55,32): error TS2345: Argument of type '0' is not assignable to parameter of type 'string | null'.
packages/components/Form/Input/stories.tsx(56,34): error TS2345: Argument of type '0' is not assignable to parameter of type 'string | null'.
packages/components/Form/Input/stories.tsx(58,9): error TS2740: Type '{ touched: boolean; error: boolean; warning: boolean; valid: boolean; active: boolean; }' is missing the following properties from type 'MetaProps': autofilled, asyncValidating, dirty, dispatch, and 4 more.
packages/components/Form/Input/stories.tsx(87,7): error TS2322: Type 'string' is not assignable to type '"time" | "text" | "date" | "password" | "email" | "file" | undefined'.
packages/components/Form/Input/stories.tsx(96,30): error TS2345: Argument of type '0' is not assignable to parameter of type 'string | null'.
packages/components/Form/Input/stories.tsx(97,32): error TS2345: Argument of type '0' is not assignable to parameter of type 'string | null'.
packages/components/Form/Input/stories.tsx(98,7): error TS2740: Type '{ touched: boolean; error: boolean; warning: boolean; valid: boolean; active: boolean; }' is missing the following properties from type 'MetaProps': autofilled, asyncValidating, dirty, dispatch, and 4 more.
packages/components/Form/Input/stories.tsx(119,7): error TS2605: JSX element type 'ReactNode' is not a constructor function for JSX elements.
packages/components/Form/Label/stories.tsx(22,30): error TS2345: Argument of type '0' is not assignable to parameter of type 'string | null'.
packages/components/Form/Label/stories.tsx(23,32): error TS2345: Argument of type '0' is not assignable to parameter of type 'string | null'.
packages/components/Form/Label/stories.tsx(36,32): error TS2345: Argument of type '0' is not assignable to parameter of type 'string | null'.
packages/components/Form/Label/stories.tsx(37,34): error TS2345: Argument of type '0' is not assignable to parameter of type 'string | null'.
packages/components/Form/Label/stories.tsx(41,8): error TS2741: Property 'name' is missing in type '{ id: string; placeholder: string; type: "text"; }' but required in type 'Readonly<Props>'.
packages/components/Form/Label/stories.tsx(52,32): error TS2345: Argument of type '0' is not assignable to parameter of type 'string | null'.
packages/components/Form/Label/stories.tsx(53,34): error TS2345: Argument of type '0' is not assignable to parameter of type 'string | null'.
packages/components/Form/Label/stories.tsx(57,8): error TS2322: Type '{ id: string; }' is not assignable to type 'IntrinsicAttributes & Props'.
packages/components/Form/LinkSelect/index.tsx(12,22): error TS2304: Cannot find name 'SyntheticEvent'.
packages/components/Form/LinkSelect/index.tsx(44,6): error TS2741: Property 'options' is missing in type '{ children: Element[]; value?: string | undefined; onChange?: ((event: any) => void) | undefined; leader?: number | null | undefined; trailer?: number | null | undefined; }' but required in type 'Pick<Pick<Pick<DetailedHTMLProps<SelectHTMLAttributes<HTMLSelectElement>, HTMLSelectElement>, "title" | "form" | "style" | "key" | "defaultChecked" | "defaultValue" | "suppressContentEditableWarning" | ... 255 more ... | "required"> & { ...; } & Props, "title" | ... 265 more ... | "options"> & Partial<...>, "title" ...'.
packages/components/Form/LinkSelect/stories.tsx(39,9): error TS2322: Type 'string' is not assignable to type 'number | null | undefined'.
packages/components/Form/LinkSelect/stories.tsx(40,9): error TS2322: Type 'string' is not assignable to type 'number | null | undefined'.
packages/components/Form/LinkSelect/stories.tsx(53,7): error TS2322: Type 'string' is not assignable to type 'number | null | undefined'.
packages/components/Form/LinkSelect/stories.tsx(54,7): error TS2322: Type 'string' is not assignable to type 'number | null | undefined'.
packages/components/Form/NumberInput/index.tsx(56,5): error TS2345: Argument of type '(props: Props) => false | FlattenSimpleInterpolation | undefined' is not assignable to parameter of type 'Interpolation<ThemedStyledProps<Pick<DetailedHTMLProps<InputHTMLAttributes<HTMLInputElement>, HTMLInputElement>, "title" | "form" | "style" | "pattern" | "key" | "defaultChecked" | "defaultValue" | ... 277 more ... | "required"> & { ...; } & InputProps, any>>'.
packages/components/Form/NumberInput/index.tsx(150,26): error TS2304: Cannot find name 'SyntheticInputEvent'.
packages/components/Form/NumberInput/stories.tsx(55,9): error TS2740: Type '{ touched: boolean; error: boolean; warning: boolean; valid: boolean; active: boolean; }' is missing the following properties from type 'MetaProps': autofilled, asyncValidating, dirty, dispatch, and 4 more.
packages/components/Form/NumberInput/stories.tsx(84,7): error TS2740: Type '{ touched: boolean; error: boolean; warning: boolean; valid: boolean; active: boolean; }' is missing the following properties from type 'MetaProps': autofilled, asyncValidating, dirty, dispatch, and 4 more.
packages/components/Form/Radio/index.tsx(110,6): error TS2739: Type '{ children: ("" | Element | null)[]; labelAtBottom: boolean; }' is missing the following properties from type 'Pick<Pick<Pick<DetailedHTMLProps<LabelHTMLAttributes<HTMLLabelElement>, HTMLLabelElement>, "title" | "form" | "style" | "key" | "defaultChecked" | "defaultValue" | "suppressContentEditableWarning" | ... 248 more ... | "htmlFor"> & { ...; } & Props, "title" | ... 262 more ... | "labelAtBottom"> & Partial<...>, "title...': name, value
packages/components/Form/Radio/index.tsx(111,8): error TS2322: Type '{ type: string; value: string | null; checked: boolean | undefined; disabled: boolean; name: string; } | { checked: boolean | undefined; name: string; value: any; onBlur?: Function | undefined; ... 5 more ...; disabled: boolean; }' is not assignable to type 'IntrinsicAttributes & Pick<Pick<Pick<DetailedHTMLProps<InputHTMLAttributes<HTMLInputElement>, HTMLInputElement>, "title" | "form" | "style" | "pattern" | "key" | "defaultChecked" | ... 278 more ... | "required"> & { ...; }, "title" | ... 284 more ... | "required"> & Partial<...>, "title" | ... 284 more ... | "requir...'.
packages/components/Form/Radio/index.tsx(122,18): error TS2739: Type '{ children: string; labelAtBottom: boolean; }' is missing the following properties from type 'Pick<Pick<Pick<DetailedHTMLProps<HTMLAttributes<HTMLSpanElement>, HTMLSpanElement>, "title" | "style" | "key" | "defaultChecked" | "defaultValue" | "suppressContentEditableWarning" | ... 247 more ... | "onTransitionEndCapture"> & { ...; } & Props, "title" | ... 260 more ... | "labelAtBottom"> & Partial<...>, "title"...': name, value
packages/components/Form/RadioGroup/index.tsx(30,26): error TS2304: Cannot find name 'SyntheticInputEvent'.
packages/components/Form/RadioGroup/index.tsx(48,12): error TS2322: Type '{ children?: ReactNode; key: string; name: string; label: string; checked: boolean; onChange: (event: any) => void; value: string; }' is not assignable to type 'IntrinsicAttributes & Pick<Pick<Props, "input" | "label" | "disabled" | "name" | "value" | "checked" | "labelAtBottom"> & Partial<Pick<Props, never>>, "input" | ... 5 more ... | "labelAtBottom"> & { ...; } & { ...; }'.
packages/components/Form/RadioGroup/stories.tsx(18,6): error TS2741: Property 'onChange' is missing in type '{ name: string; options: { foo: string; bar: string; some: string; }; value: string; }' but required in type 'Readonly<Props>'.
packages/components/Form/RangeSlider/Scale.tsx(46,6): error TS2739: Type '{ children: Element[]; horizontalOffset: number; }' is missing the following properties from type 'Pick<Pick<Pick<DetailedHTMLProps<OlHTMLAttributes<HTMLOListElement>, HTMLOListElement>, "title" | "style" | "key" | "defaultChecked" | "defaultValue" | "suppressContentEditableWarning" | ... 250 more ... | "reversed"> & { ...; } & Props, "title" | ... 263 more ... | "tickLabels"> & Partial<...>, "title" | ... 263 mo...': max, min, value, tickLength
packages/components/Form/RangeSlider/TooltipTrack.tsx(47,8): error TS2339: Property 'visible' does not exist on type 'Pick<DetailedHTMLProps<HTMLAttributes<HTMLDivElement>, HTMLDivElement>, "title" | "style" | "key" | "defaultChecked" | "defaultValue" | "suppressContentEditableWarning" | ... 247 more ... | "onTransitionEndCapture"> & { ...; } & ThemeProps<...>'.
packages/components/Form/RangeSlider/TooltipTrack.tsx(176,12): error TS2322: Type '{ children: Element[]; visible: boolean; ref: any; }' is not assignable to type 'IntrinsicAttributes & Pick<Pick<Pick<DetailedHTMLProps<HTMLAttributes<HTMLDivElement>, HTMLDivElement>, "title" | "style" | "key" | "defaultChecked" | "defaultValue" | ... 248 more ... | "onTransitionEndCapture"> & { ...; }, "title" | ... 253 more ... | "onTransitionEndCapture"> & Partial<...>, "title" | ... 253 mor...'.
packages/components/Form/RangeSlider/TooltipTrack.tsx(179,18): error TS2739: Type '{ children: string | null | undefined; ref: any; style: TooltipStyle; backgroundColor: string; }' is missing the following properties from type 'Pick<Pick<Pick<DetailedHTMLProps<HTMLAttributes<HTMLSpanElement>, HTMLSpanElement>, "title" | "style" | "key" | "defaultChecked" | "defaultValue" | "suppressContentEditableWarning" | ... 247 more ... | "onTransitionEndCapture"> & { ...; } & Props, "title" | ... 257 more ... | "thumbOffset"> & Partial<...>, "title" |...': text, positionFraction, thumbOffset
packages/components/Form/RangeSlider/TooltipTrack.tsx(190,14): error TS2739: Type '{ style: TriangleStyle; backgroundColor: string; }' is missing the following properties from type 'Pick<Pick<Pick<DetailedHTMLProps<HTMLAttributes<HTMLSpanElement>, HTMLSpanElement>, "title" | "style" | "key" | "defaultChecked" | "defaultValue" | "suppressContentEditableWarning" | ... 247 more ... | "onTransitionEndCapture"> & { ...; } & Props, "title" | ... 257 more ... | "thumbOffset"> & Partial<...>, "title" |...': text, positionFraction, thumbOffset
packages/components/Form/RangeSlider/index.tsx(27,22): error TS2304: Cannot find name 'SyntheticInputEvent'.
packages/components/Form/RangeSlider/index.tsx(28,25): error TS2304: Cannot find name 'SyntheticEvent'.
packages/components/Form/RangeSlider/index.tsx(29,25): error TS2304: Cannot find name 'SyntheticEvent'.
packages/components/Form/RangeSlider/index.tsx(30,23): error TS2304: Cannot find name 'SyntheticEvent'.
packages/components/Form/RangeSlider/index.tsx(31,26): error TS2304: Cannot find name 'SyntheticEvent'.
packages/components/Form/RangeSlider/index.tsx(32,27): error TS2304: Cannot find name 'SyntheticEvent'.
packages/components/Form/RangeSlider/index.tsx(33,24): error TS2304: Cannot find name 'SyntheticEvent'.
packages/components/Form/RangeSlider/index.tsx(254,29): error TS2304: Cannot find name 'SyntheticEvent'.
packages/components/Form/RangeSlider/index.tsx(262,27): error TS2304: Cannot find name 'SyntheticEvent'.
packages/components/Form/RangeSlider/index.tsx(271,29): error TS2304: Cannot find name 'SyntheticInputEvent'.
packages/components/Form/RangeSlider/index.tsx(279,30): error TS2304: Cannot find name 'SyntheticEvent'.
packages/components/Form/RangeSlider/index.tsx(287,28): error TS2304: Cannot find name 'SyntheticEvent'.
packages/components/Form/RangeSlider/index.tsx(295,31): error TS2304: Cannot find name 'SyntheticEvent'.
packages/components/Form/RangeSlider/index.tsx(303,31): error TS2304: Cannot find name 'SyntheticInputEvent'.
packages/components/Form/RangeSlider/stories.tsx(45,20): error TS2339: Property 'tickLength' does not exist on type 'Readonly<{}> & Readonly<{ children?: ReactNode; }>'.
packages/components/Form/RangeSlider/stories.tsx(50,38): error TS2345: Argument of type '0' is not assignable to parameter of type 'string | null'.
packages/components/Form/RangeSlider/stories.tsx(51,38): error TS2345: Argument of type '50' is not assignable to parameter of type 'string | null'.
packages/components/Form/RangeSlider/stories.tsx(52,11): error TS2322: Type 'string' is not assignable to type '"primary" | "cta" | undefined'.
packages/components/Form/RangeSlider/stories.tsx(54,34): error TS2345: Argument of type '0' is not assignable to parameter of type 'string | null'.
packages/components/Form/RangeSlider/stories.tsx(55,42): error TS2345: Argument of type '5' is not assignable to parameter of type 'string | null'.
packages/components/Form/RangeSlider/stories.tsx(60,20): error TS2339: Property 'tickLabels' does not exist on type 'Readonly<{}> & Readonly<{ children?: ReactNode; }>'.
packages/components/Form/RangeSlider/stories.tsx(65,38): error TS2345: Argument of type '1' is not assignable to parameter of type 'string | null'.
packages/components/Form/RangeSlider/stories.tsx(66,38): error TS2345: Argument of type '5' is not assignable to parameter of type 'string | null'.
packages/components/Form/RangeSlider/stories.tsx(67,11): error TS2322: Type 'string' is not assignable to type '"primary" | "cta" | undefined'.
packages/components/Form/RangeSlider/stories.tsx(69,34): error TS2345: Argument of type '0' is not assignable to parameter of type 'string | null'.
packages/components/Form/RangeSlider/stories.tsx(70,42): error TS2345: Argument of type '1' is not assignable to parameter of type 'string | null'.
packages/components/Form/RangeSlider/stories.tsx(80,20): error TS2339: Property 'tooltipRenderer' does not exist on type 'Readonly<{}> & Readonly<{ children?: ReactNode; }>'.
packages/components/Form/RangeSlider/stories.tsx(91,40): error TS2345: Argument of type '1' is not assignable to parameter of type 'string | null'.
packages/components/Form/RangeSlider/stories.tsx(92,40): error TS2345: Argument of type '60' is not assignable to parameter of type 'string | null'.
packages/components/Form/RangeSlider/stories.tsx(93,13): error TS2322: Type 'string' is not assignable to type '"primary" | "cta" | undefined'.
packages/components/Form/RangeSlider/stories.tsx(95,36): error TS2345: Argument of type '0' is not assignable to parameter of type 'string | null'.
packages/components/Form/RangeSlider/stories.tsx(102,20): error TS2339: Property 'openEnd' does not exist on type 'Readonly<{}> & Readonly<{ children?: ReactNode; }>'.
packages/components/Form/RangeSlider/stories.tsx(107,38): error TS2345: Argument of type '0' is not assignable to parameter of type 'string | null'.
packages/components/Form/RangeSlider/stories.tsx(108,38): error TS2345: Argument of type '100' is not assignable to parameter of type 'string | null'.
packages/components/Form/RangeSlider/stories.tsx(109,42): error TS2345: Argument of type '5' is not assignable to parameter of type 'string | null'.
packages/components/Form/RangeSlider/stories.tsx(110,11): error TS2322: Type 'string' is not assignable to type '"primary" | "cta" | undefined'.
packages/components/Form/RangeSlider/stories.tsx(112,34): error TS2345: Argument of type '0' is not assignable to parameter of type 'string | null'.
packages/components/Form/RangeSlider/stories.tsx(122,36): error TS2345: Argument of type '0' is not assignable to parameter of type 'string | null'.
packages/components/Form/RangeSlider/stories.tsx(123,36): error TS2345: Argument of type '100' is not assignable to parameter of type 'string | null'.
packages/components/Form/RangeSlider/stories.tsx(124,9): error TS2322: Type 'string' is not assignable to type '"primary" | "cta" | undefined'.
packages/components/Form/RangeSlider/stories.tsx(126,32): error TS2345: Argument of type '0' is not assignable to parameter of type 'string | null'.
packages/components/Form/RangeSlider/stories.tsx(136,28): error TS2345: Argument of type '25' is not assignable to parameter of type 'string | null'.
packages/components/Form/RangeSlider/stories.tsx(137,34): error TS2345: Argument of type '0' is not assignable to parameter of type 'string | null'.
packages/components/Form/RangeSlider/stories.tsx(138,34): error TS2345: Argument of type '50' is not assignable to parameter of type 'string | null'.
packages/components/Form/RangeSlider/stories.tsx(139,7): error TS2322: Type 'string' is not assignable to type '"primary" | "cta" | undefined'.
packages/components/Form/RangeSlider/stories.tsx(141,30): error TS2345: Argument of type '0' is not assignable to parameter of type 'string | null'.
packages/components/Form/RangeSlider/stories.tsx(150,21): error TS2322: Type '{ tickLength: true; }' is not assignable to type 'IntrinsicAttributes & IntrinsicClassAttributes<RangeSliderWrapper> & Readonly<{}> & Readonly<{ children?: ReactNode; }>'.
packages/components/Form/RangeSlider/stories.tsx(155,21): error TS2322: Type '{ tickLabels: true; }' is not assignable to type 'IntrinsicAttributes & IntrinsicClassAttributes<RangeSliderWrapper> & Readonly<{}> & Readonly<{ children?: ReactNode; }>'.
packages/components/Form/RangeSlider/stories.tsx(160,21): error TS2322: Type '{ tooltipRenderer: true; }' is not assignable to type 'IntrinsicAttributes & IntrinsicClassAttributes<RangeSliderWrapper> & Readonly<{}> & Readonly<{ children?: ReactNode; }>'.
packages/components/Form/RangeSlider/stories.tsx(163,47): error TS2322: Type '{ openEnd: true; }' is not assignable to type 'IntrinsicAttributes & IntrinsicClassAttributes<RangeSliderWrapper> & Readonly<{}> & Readonly<{ children?: ReactNode; }>'.
packages/components/Form/Select/Skeleton.tsx(42,37): error TS2345: Argument of type '(props: Props) => ReactNode' is not assignable to parameter of type '"symbol" | "object" | "g" | "b" | "title" | "sub" | "caption" | "a" | "abbr" | "address" | "area" | "article" | "aside" | "audio" | "base" | "bdi" | "bdo" | "big" | "blockquote" | ... 156 more ... | FunctionComponent<...>'.
packages/components/Form/Select/index.tsx(124,5): error TS2345: Argument of type '({ fullWidth, placeholderActive }: StyleProps) => FlattenInterpolation<ThemedStyledProps<SelectProps, any>>' is not assignable to parameter of type 'Interpolation<ThemedStyledProps<Pick<DetailedHTMLProps<SelectHTMLAttributes<HTMLSelectElement>, HTMLSelectElement>, "title" | "form" | "style" | "key" | "defaultChecked" | "defaultValue" | "suppressContentEditableWarning" | ... 255 more ... | "required"> & { ...; } & StyleProps, any>>'.
packages/components/Form/Select/index.tsx(192,6): error TS2739: Type '{ children: Element[]; leader: number | undefined; trailer: number | undefined; fullWidth: boolean | undefined; }' is missing the following properties from type 'Pick<Pick<Pick<DetailedHTMLProps<HTMLAttributes<HTMLDivElement>, HTMLDivElement>, "title" | "style" | "key" | "defaultChecked" | "defaultValue" | "suppressContentEditableWarning" | ... 247 more ... | "onTransitionEndCapture"> & { ...; } & Props, "title" | ... 262 more ... | "options"> & Partial<...>, "title" | ... 2...': name, options
packages/components/Form/Select/stories.tsx(51,7): error TS2322: Type 'string' is not assignable to type 'number | undefined'.
packages/components/Form/Select/stories.tsx(52,7): error TS2322: Type 'string' is not assignable to type 'number | undefined'.
packages/components/Form/Select/stories.tsx(54,14): error TS2554: Expected 3-4 arguments, but got 2.
packages/components/Form/Select/stories.tsx(58,7): error TS2740: Type '{ touched: boolean; error: boolean; warning: boolean; valid: boolean; active: boolean; }' is missing the following properties from type 'MetaProps': autofilled, asyncValidating, dirty, dispatch, and 4 more.
packages/components/Form/Select/stories.tsx(74,7): error TS2322: Type '({ label: string; disabled?: undefined; } | { label: string; disabled: boolean; })[]' is not assignable to type '{ [key: string]: string; } | SelectOption[]'.
packages/components/Form/Select/stories.tsx(77,7): error TS2322: Type 'string' is not assignable to type 'number | undefined'.
packages/components/Form/Select/stories.tsx(78,7): error TS2322: Type 'string' is not assignable to type 'number | undefined'.
packages/components/Form/Select/stories.tsx(80,7): error TS2740: Type '{ touched: boolean; error: boolean; warning: boolean; valid: boolean; active: boolean; }' is missing the following properties from type 'MetaProps': autofilled, asyncValidating, dirty, dispatch, and 4 more.
packages/components/Form/Select/stories.tsx(99,7): error TS2605: JSX element type 'ReactNode' is not a constructor function for JSX elements.
packages/components/Form/Switch/index.tsx(72,8): error TS2322: Type '{ name: string; type: string; } | { name: string; checked?: boolean | undefined; value?: any; onBlur?: Function | undefined; onChange?: Function | undefined; onDragStart?: Function | undefined; onDrop?: Function | undefined; onFocus?: Function | undefined; type: string; }' is not assignable to type 'IntrinsicAttributes & Pick<Pick<Pick<DetailedHTMLProps<InputHTMLAttributes<HTMLInputElement>, HTMLInputElement>, "title" | "form" | "style" | "pattern" | "key" | "defaultChecked" | ... 278 more ... | "required"> & { ...; }, "title" | ... 284 more ... | "required"> & Partial<...>, "title" | ... 284 more ... | "requir...'.
packages/components/Form/Switch/stories.tsx(32,13): error TS2741: Property 'name' is missing in type '{ input: { value: boolean; onChange: (value: any) => void; }; children?: ReactNode; }' but required in type 'Props'.
packages/components/Form/Switch/stories.tsx(39,6): error TS2322: Type '{ name: string; checked: boolean; }' is not assignable to type 'IntrinsicAttributes & Props'.
packages/components/Form/Switch/stories.tsx(45,21): error TS2322: Type '{ name: string; }' is not assignable to type 'IntrinsicAttributes & IntrinsicClassAttributes<SwitchWrapper> & Readonly<{}> & Readonly<{ children?: ReactNode; }>'.
packages/components/Form/TagInput/__stories__/TagInputWrapper.tsx(63,31): error TS2304: Cannot find name 'SyntheticInputEvent'.
packages/components/Form/TagInput/__stories__/TagInputWrapper.tsx(63,50): error TS1099: Type argument list cannot be empty.
packages/components/Form/TagInput/index.tsx(92,8): error TS2322: Type '{ children: (false | Element)[]; leader: number | undefined; trailer: number | undefined; maxWidth: string | undefined; onClick: () => undefined; }' is not assignable to type 'IntrinsicAttributes & Props'.
packages/components/Form/TagInput/index.tsx(110,14): error TS2322: Type '{ id: string | undefined; type: string; placeholder: string | undefined; ref: (element: HTMLInputElement | null | undefined) => void; } | { checked?: boolean | undefined; name?: string | undefined; ... 9 more ...; ref: (element: HTMLInputElement | ... 1 more ... | undefined) => void; }' is not assignable to type 'IntrinsicAttributes & Pick<Pick<Pick<DetailedHTMLProps<InputHTMLAttributes<HTMLInputElement>, HTMLInputElement>, "title" | "form" | "style" | "pattern" | "key" | "defaultChecked" | ... 278 more ... | "required"> & { ...; }, "title" | ... 284 more ... | "required"> & Partial<...>, "title" | ... 284 more ... | "requir...'.
packages/components/Form/TagInput/stories.tsx(31,71): error TS2345: Argument of type '0' is not assignable to parameter of type 'string | null'.
packages/components/Form/TagInput/stories.tsx(34,30): error TS2345: Argument of type '0' is not assignable to parameter of type 'string | null'.
packages/components/Form/TagInput/stories.tsx(35,32): error TS2345: Argument of type '0' is not assignable to parameter of type 'string | null'.
packages/components/Form/Textarea/index.tsx(87,8): error TS2322: Type '{ placeholder?: string | undefined; fullWidth?: boolean | undefined; resizable?: boolean | undefined; textareaRef?: (() => void) | undefined; ref: (() => void) | undefined; rows: number; error: string | false; warning: string | false; valid: boolean; name: string; } | { ...; }' is not assignable to type 'IntrinsicAttributes & Pick<Pick<Pick<DetailedHTMLProps<TextareaHTMLAttributes<HTMLTextAreaElement>, HTMLTextAreaElement>, "title" | "form" | "style" | "key" | "defaultChecked" | ... 262 more ... | "rows"> & { ...; } & TextareaProps, "title" | ... 272 more ... | "resizable"> & Partial<...>, "title" | ... 272 more ......'.
packages/components/Form/Textarea/stories.tsx(35,28): error TS2345: Argument of type '4' is not assignable to parameter of type 'string | null'.
packages/components/Form/Textarea/stories.tsx(38,9): error TS2740: Type '{ touched: boolean; error: boolean; warning: boolean; valid: boolean; active: boolean; }' is missing the following properties from type 'MetaProps': autofilled, asyncValidating, dirty, dispatch, and 4 more.
packages/components/Form/Textarea/stories.tsx(64,26): error TS2345: Argument of type '4' is not assignable to parameter of type 'string | null'.
packages/components/Form/Textarea/stories.tsx(66,7): error TS2740: Type '{ touched: boolean; error: boolean; warning: boolean; valid: boolean; active: boolean; }' is missing the following properties from type 'MetaProps': autofilled, asyncValidating, dirty, dispatch, and 4 more.
packages/components/Form/ToggleButton/Skeleton.tsx(12,7): error TS2605: JSX element type 'ReactNode' is not a constructor function for JSX elements.
packages/components/Form/ToggleButton/index.tsx(26,22): error TS2304: Cannot find name 'SyntheticEvent'.
packages/components/Form/ToggleButton/index.tsx(139,10): error TS2322: Type '{ children: Element; checked: boolean | undefined; fullWidth: boolean | undefined; disabled: boolean | undefined; theme: Theme; }' is not assignable to type 'IntrinsicAttributes & Pick<Pick<Pick<DetailedHTMLProps<LabelHTMLAttributes<HTMLLabelElement>, HTMLLabelElement>, "title" | "form" | "style" | "key" | "defaultChecked" | ... 250 more ... | "htmlFor"> & { ...; }, "title" | ... 255 more ... | "htmlFor"> & Partial<...>, "title" | ... 255 more ... | "htmlFor"> & { ...; }...'.
packages/components/Form/ToggleButton/index.tsx(153,6): error TS2322: Type '{ children: Element[]; checked: boolean | undefined; fullWidth: boolean | undefined; disabled: boolean | undefined; theme: Theme; }' is not assignable to type 'IntrinsicAttributes & Pick<Pick<Pick<DetailedHTMLProps<LabelHTMLAttributes<HTMLLabelElement>, HTMLLabelElement>, "title" | "form" | "style" | "key" | "defaultChecked" | ... 250 more ... | "htmlFor"> & { ...; }, "title" | ... 255 more ... | "htmlFor"> & Partial<...>, "title" | ... 255 more ... | "htmlFor"> & { ...; }...'.
packages/components/Form/ToggleButton/index.tsx(162,9): error TS2322: Type 'string | null | undefined' is not assignable to type 'string | number | string[] | undefined'.
packages/components/Form/ToggleButton/index.tsx(163,9): error TS2322: Type 'string | null | undefined' is not assignable to type 'string | undefined'.
packages/components/Form/ToggleButton/stories.tsx(34,7): error TS2322: Type 'string' is not assignable to type '"link" | "checkbox" | "radio" | undefined'.
packages/components/Form/ToggleButton/stories.tsx(36,7): error TS2322: Type 'string' is not assignable to type '"primary" | "secondary" | undefined'.
packages/components/Form/ToggleButton/stories.tsx(55,7): error TS2322: Type 'string' is not assignable to type '"link" | "checkbox" | "radio" | undefined'.
packages/components/Form/ToggleButton/stories.tsx(57,7): error TS2322: Type 'string' is not assignable to type '"primary" | "secondary" | undefined'.
packages/components/Form/ToggleButton/stories.tsx(84,9): error TS2322: Type 'string' is not assignable to type '"link" | "checkbox" | "radio" | undefined'.
packages/components/Form/ToggleButton/stories.tsx(86,9): error TS2322: Type 'string' is not assignable to type '"primary" | "secondary" | undefined'.
packages/components/Form/ToggleButton/stories.tsx(111,9): error TS2322: Type 'string' is not assignable to type '"primary" | "secondary" | undefined'.
packages/components/Form/utils/index.ts(10,3): error TS2322: Type '{ error: false; warning: false; valid: false; invalid: false; } | { error: false; warning: false; valid: false; invalid: false; } | { error: false; warning: false; valid: false; invalid: false; active: boolean; ... 7 more ...; visited: boolean; }' is not assignable to type 'MetaProps'.
packages/components/GroupLayout/index.tsx(90,3): error TS2322: Type 'FlattenSimpleInterpolation' is not assignable to type 'string'.
packages/components/GroupLayout/stories.tsx(33,7): error TS2322: Type 'string' is not assignable to type '"center" | "stretch" | undefined'.
packages/components/GroupLayout/stories.tsx(34,7): error TS2322: Type 'string' is not assignable to type '"center" | "flex-start" | undefined'.
packages/components/Heading/index.tsx(162,8): error TS2339: Property 'center' does not exist on type 'Pick<DetailedHTMLProps<HTMLAttributes<HTMLDivElement>, HTMLDivElement>, "title" | "style" | "key" | "defaultChecked" | "defaultValue" | "suppressContentEditableWarning" | ... 247 more ... | "onTransitionEndCapture"> & { ...; } & ThemeProps<...>'.
packages/components/Heading/index.tsx(162,16): error TS2339: Property 'underline' does not exist on type 'Pick<DetailedHTMLProps<HTMLAttributes<HTMLDivElement>, HTMLDivElement>, "title" | "style" | "key" | "defaultChecked" | "defaultValue" | "suppressContentEditableWarning" | ... 247 more ... | "onTransitionEndCapture"> & { ...; } & ThemeProps<...>'.
packages/components/Heading/stories.tsx(38,7): error TS2322: Type 'string' is not assignable to type '"jumbo" | "title" | "sub" | "component" | "element" | "minor" | "caption" | "tabNav" | "errorCode" | undefined'.
packages/components/Heading/stories.tsx(39,7): error TS2322: Type 'string' is not assignable to type '"1" | "2" | "3" | "4" | "5" | "6" | "none" | undefined'.
packages/components/Heading/stories.tsx(62,9): error TS2322: Type 'string' is not assignable to type '"jumbo" | "title" | "sub" | "component" | "element" | "minor" | "caption" | "tabNav" | "errorCode" | undefined'.
packages/components/Heading/stories.tsx(63,9): error TS2322: Type 'string' is not assignable to type '"1" | "2" | "3" | "4" | "5" | "6" | "none" | undefined'.
packages/components/Icon/index.tsx(34,5): error TS2322: Type 'FlattenSimpleInterpolation' is not assignable to type 'string'.
packages/components/Icon/index.tsx(42,3): error TS2322: Type 'FlattenSimpleInterpolation' is not assignable to type 'string'.
packages/components/Icon/index.tsx(89,6): error TS2741: Property 'symbol' is missing in type '{ children: Element; fill: string | undefined; size: Size; mirrorX: boolean | undefined; mirrorY: boolean | undefined; rotation: number | undefined; }' but required in type 'Pick<Pick<Pick<SVGProps<SVGSVGElement>, "string" | "r" | "style" | "clipPath" | "filter" | "mask" | "key" | "className" | "id" | "lang" | "tabIndex" | "role" | "color" | "aria-activedescendant" | ... 452 more ... | "zoomAndPan"> & { ...; } & Props, "string" | ... 471 more ... | "rotation"> & Partial<...>, "string" |...'.
packages/components/Icon/stories.tsx(36,34): error TS2345: Argument of type '0' is not assignable to parameter of type 'string | null'.
packages/components/IconButton/index.tsx(8,21): error TS2307: Cannot find module './assets/images/rainbow-q50-48x48.jpg'.
packages/components/IconButton/index.tsx(240,7): error TS2322: Type '"button" | "reset" | "submit" | null' is not assignable to type '"button" | "reset" | "submit" | undefined'.
packages/components/IconButton/index.tsx(244,7): error TS2322: Type 'boolean | null | undefined' is not assignable to type 'boolean | undefined'.
packages/components/IconButton/stories.tsx(41,13): error TS2554: Expected 3-4 arguments, but got 2.
packages/components/IconButton/stories.tsx(42,13): error TS2554: Expected 2-3 arguments, but got 1.
packages/components/IconButton/stories.tsx(43,30): error TS2345: Argument of type '(string | undefined)[]' is not assignable to parameter of type 'readonly (string | number | string[])[]'.
packages/components/IconButton/stories.tsx(44,7): error TS2322: Type 'string' is not assignable to type '"a" | "button" | undefined'.
packages/components/IconButton/stories.tsx(52,7): error TS2322: Type 'string' is not assignable to type '"button" | "reset" | "submit" | undefined'.
packages/components/Image/Img.tsx(1,17): error TS2724: Module '"../../../node_modules/@types/react"' has no exported member 'ElementRef'. Did you mean 'CElement'?
packages/components/Image/Img.tsx(58,7): error TS2322: Type 'string | null' is not assignable to type 'string | undefined'.
packages/components/Image/Placeholder.tsx(39,6): error TS2741: Property 'icon' is missing in type '{ children: Element; visible: boolean; }' but required in type 'Pick<Pick<Pick<DetailedHTMLProps<HTMLAttributes<HTMLDivElement>, HTMLDivElement>, "title" | "style" | "key" | "defaultChecked" | "defaultValue" | "suppressContentEditableWarning" | ... 247 more ... | "onTransitionEndCapture"> & { ...; } & Props, "title" | ... 255 more ... | "icon"> & Partial<...>, "title" | ... 255 ...'.
packages/components/Image/Placeholder.tsx(40,8): error TS2322: Type '{ size: string; color: string; symbol: string; }' is not assignable to type 'IntrinsicAttributes & Props'.
packages/components/Image/index.tsx(1,39): error TS2724: Module '"../../../node_modules/@types/react"' has no exported member 'ElementRef'. Did you mean 'CElement'?
packages/components/Image/index.tsx(124,10): error TS2322: Type '{ children?: ReactNode; src: string | undefined; srcSet: string | undefined; sizes: string | undefined; alt: string | undefined; title: string | undefined; lazy: boolean; style: { width: string; height: string | undefined; }; onLoad: (() => void) | undefined; }' is not assignable to type 'IntrinsicAttributes & Props'.
packages/components/Image/index.tsx(144,10): error TS2322: Type '{ src: string | undefined; srcSet: string | undefined; sizes: string | undefined; alt: string | undefined; title: string | undefined; lazy: boolean; forwardRef: (domNode: any) => void; onLoad: (() => void) | undefined; }' is not assignable to type 'IntrinsicAttributes & Props'.
packages/components/ImageZoom/GlobalStyle.ts(1,24): error TS2307: Cannot find module 'react-photoswipe/lib/photoswipe.css'.
packages/components/ImageZoom/GlobalStyle.ts(6,23): error TS2307: Cannot find module './assets/images/close.svg'.
packages/components/ImageZoom/GlobalStyle.ts(7,29): error TS2307: Cannot find module './assets/images/chevron-down.svg'.
packages/components/ImageZoom/stories.tsx(50,10): error TS2322: Type '{ children: string; onClick: () => void; }' is not assignable to type 'IntrinsicAttributes & Props'.
packages/components/ImageZoom/stories.tsx(52,11): error TS2322: Type '{ src: string; w: string; h: string; title: string; }[]' is not assignable to type 'PhotoSwipeItem[]'.
packages/components/LayoutWrapper/stories.tsx(27,9): error TS2322: Type 'string' is not assignable to type 'number | undefined'.
packages/components/LayoutWrapper/stories.tsx(28,9): error TS2322: Type 'string' is not assignable to type 'number | undefined'.
packages/components/LayoutWrapper/stories.tsx(30,52): error TS2345: Argument of type '0' is not assignable to parameter of type 'string | null'.
packages/components/Link/Icon.tsx(25,6): error TS2741: Property 'icon' is missing in type '{ symbol: string; spacingLeft: boolean | undefined; spacingRight: boolean | undefined; }' but required in type 'Pick<Pick<Props & Props, "symbol" | "fill" | "size" | "icon" | "mirrorX" | "mirrorY" | "rotation" | "spacingRight" | "spacingLeft"> & Partial<Pick<Props & Props, never>>, "symbol" | ... 7 more ... | "spacingLeft">'.
packages/components/Link/index.tsx(15,26): error TS2304: Cannot find name 'SyntheticMouseEvent'.
packages/components/Link/index.tsx(130,8): error TS2339: Property 'center' does not exist on type 'Pick<DetailedHTMLProps<HTMLAttributes<HTMLSpanElement>, HTMLSpanElement>, "title" | "style" | "key" | "defaultChecked" | "defaultValue" | "suppressContentEditableWarning" | ... 247 more ... | "onTransitionEndCapture"> & { ...; } & ThemeProps<...>'.
packages/components/Link/index.tsx(200,9): error TS2322: Type 'string | null | undefined' is not assignable to type 'string | undefined'.
packages/components/Link/index.tsx(201,9): error TS2322: Type 'string | null | undefined' is not assignable to type 'string | undefined'.
packages/components/Link/index.tsx(202,9): error TS2322: Type '"button" | null' is not assignable to type '"button" | "reset" | "submit" | undefined'.
packages/components/Link/index.tsx(206,10): error TS2322: Type '{ children: (string | number | boolean | {} | ReactElement<any, string | ((props: any) => ReactElement<any, string | ... | (new (props: any) => Component<any, any, any>)> | null) | (new (props: any) => Component<...>)> | ... 4 more ... | undefined)[]; center: boolean | undefined; }' is not assignable to type 'IntrinsicAttributes & Pick<Pick<Pick<DetailedHTMLProps<HTMLAttributes<HTMLSpanElement>, HTMLSpanElement>, "title" | "style" | "key" | "defaultChecked" | "defaultValue" | ... 248 more ... | "onTransitionEndCapture"> & { ...; }, "title" | ... 253 more ... | "onTransitionEndCapture"> & Partial<...>, "title" | ... 253 m...'.
packages/components/Link/index.tsx(207,25): error TS2322: Type '{ icon: string; spacingRight: true; size: string | null | undefined; }' is not assignable to type 'IntrinsicAttributes & Props'.
packages/components/Link/index.tsx(209,26): error TS2322: Type '{ icon: string; spacingLeft: true; size: string | null | undefined; }' is not assignable to type 'IntrinsicAttributes & Props'.
packages/components/Link/stories.tsx(27,7): error TS2322: Type 'string' is not assignable to type '"primary" | "silent" | "loud" | "success" | "inverse" | undefined'.
packages/components/Link/stories.tsx(49,9): error TS2322: Type 'string' is not assignable to type '"primary" | "silent" | "loud" | "success" | "inverse" | undefined'.
packages/components/Link/stories.tsx(76,9): error TS2322: Type 'string' is not assignable to type '"primary" | "silent" | "loud" | "success" | "inverse" | undefined'.
packages/components/Link/stories.tsx(95,7): error TS2322: Type 'string' is not assignable to type '"primary" | "silent" | "loud" | "success" | "inverse" | undefined'.
packages/components/Link/stories.tsx(115,7): error TS2322: Type 'string' is not assignable to type '"primary" | "silent" | "loud" | "success" | "inverse" | undefined'.
packages/components/List/Item.tsx(49,19): error TS2349: Cannot invoke an expression whose type lacks a call signature. Type 'Function | (string & {}) | (number & {}) | (false & {}) | (true & {}) | ({} & string) | ({} & number) | ({} & false) | ({} & true) | ((symbol?: ReactNode) => ReactNode) | (((symbol?: ReactNode) => ReactNode) & string) | ... 5 more ... | (((symbol?: ReactNode) => ReactNode) & ReactPortal)' has no compatible call signatures.
packages/components/List/Skeleton.tsx(42,13): error TS2605: JSX element type 'ReactNode' is not a constructor function for JSX elements.
packages/components/List/index.tsx(1,17): error TS2305: Module '"../../../node_modules/@types/react"' has no exported member 'ChildrenArray'.
packages/components/List/stories.tsx(28,7): error TS2322: Type 'string' is not assignable to type '"symbol" | "unordered" | "ordered" | undefined'.
packages/components/List/stories.tsx(33,7): error TS2322: Type 'string' is not assignable to type '"sm" | "md" | "lg" | { [key: string]: SizeProps; [key: number]: SizeProps; } | undefined'.
packages/components/List/stories.tsx(65,7): error TS2322: Type 'string' is not assignable to type '"symbol" | "unordered" | "ordered" | undefined'.
packages/components/List/stories.tsx(70,7): error TS2322: Type 'string' is not assignable to type '"sm" | "md" | "lg" | { [key: string]: SizeProps; [key: number]: SizeProps; } | undefined'.
packages/components/List/stories.tsx(106,7): error TS2322: Type 'string' is not assignable to type '"symbol" | "unordered" | "ordered" | undefined'.
packages/components/List/stories.tsx(107,7): error TS2322: Type 'string' is not assignable to type '"sm" | "md" | "lg" | { [key: string]: SizeProps; [key: number]: SizeProps; } | undefined'.
packages/components/List/stories.tsx(152,7): error TS2322: Type 'string' is not assignable to type '"symbol" | "unordered" | "ordered" | undefined'.
packages/components/List/stories.tsx(153,7): error TS2322: Type 'string' is not assignable to type '"sm" | "md" | "lg" | { [key: string]: SizeProps; [key: number]: SizeProps; } | undefined'.
packages/components/List/stories.tsx(163,9): error TS2322: Type 'string' is not assignable to type '"sm" | "md" | "lg" | { [key: string]: SizeProps; [key: number]: SizeProps; } | undefined'.
packages/components/List/stories.tsx(187,7): error TS2605: JSX element type 'ReactNode' is not a constructor function for JSX elements.
packages/components/Modal/index.tsx(14,21): error TS2304: Cannot find name 'SyntheticEvent'.
packages/components/Modal/index.tsx(43,33): error TS2304: Cannot find name 'SyntheticEvent'.
packages/components/Modal/index.tsx(57,31): error TS2322: Type 'number | null' is not assignable to type 'number | undefined'.
packages/components/Modal/stories.tsx(21,5): error TS2605: JSX element type 'ReactNode' is not a constructor function for JSX elements.
packages/components/Modal/stories.tsx(27,9): error TS2605: JSX element type 'ReactNode' is not a constructor function for JSX elements.
packages/components/NotificationDrawer/index.tsx(86,27): error TS2339: Property 'key' does not exist on type 'string | number | true | {} | ReactElement<any, string | ((props: any) => ReactElement<any, string | ... | (new (props: any) => Component<any, any, any>)> | null) | (new (props: any) => Component<any, any, any>)> | ReactNodeArray | ReactPortal'.
packages/components/Overlay/Header.tsx(10,21): error TS2304: Cannot find name 'SyntheticEvent'.
packages/components/Overlay/index.tsx(19,21): error TS2304: Cannot find name 'SyntheticEvent'.
packages/components/Overlay/index.tsx(87,12): error TS2322: Type '{ icon: string; onClick: (event: any) => void; }' is not assignable to type 'IntrinsicAttributes & Props'.
packages/components/Overlay/stories.tsx(25,26): error TS2554: Expected 2-3 arguments, but got 1.
packages/components/Overlay/stories.tsx(34,13): error TS2322: Type '"" | HandlerFunction' is not assignable to type '((event: any) => void) | undefined'.
packages/components/PagingNav/index.tsx(132,8): error TS2739: Type '{ children: Element[]; leader: number | undefined; trailer: number | undefined; }' is missing the following properties from type 'Pick<Pick<Pick<DetailedHTMLProps<HTMLAttributes<HTMLDivElement>, HTMLDivElement>, "title" | "style" | "key" | "defaultChecked" | "defaultValue" | "suppressContentEditableWarning" | ... 247 more ... | "onTransitionEndCapture"> & { ...; } & Props, "title" | ... 261 more ... | "visibleItems"> & Partial<...>, "title" | ...': total, itemsPerPage, onPageClick
packages/components/PagingNav/index.tsx(133,10): error TS2322: Type '{ arrow: true; onClick: () => any; href: string | null | undefined; disabled: boolean; }' is not assignable to type 'IntrinsicAttributes & Props'.
packages/components/PagingNav/index.tsx(142,14): error TS2322: Type '{ children: string; key: string; onClick: () => any; href: string | null | undefined; }' is not assignable to type 'IntrinsicAttributes & Props'.
packages/components/PagingNav/index.tsx(154,14): error TS2322: Type '{ children: number; key: number; onClick: () => any; href: string | null | undefined; active: boolean; }' is not assignable to type 'IntrinsicAttributes & Props'.
packages/components/PagingNav/index.tsx(167,14): error TS2322: Type '{ children: number; key: string; onClick: () => any; href: string | null | undefined; }' is not assignable to type 'IntrinsicAttributes & Props'.
packages/components/PagingNav/index.tsx(177,10): error TS2322: Type '{ arrow: true; reversed: true; onClick: () => any; href: string | null | undefined; disabled: boolean; }' is not assignable to type 'IntrinsicAttributes & Props'.
packages/components/PagingNav/stories.tsx(24,8): error TS2322: Type '{ total: number; activePage: number; itemsPerPage: number; visibleItems: number; leader: number; trailer: number; onPageClick: HandlerFunction; }' is not assignable to type 'IntrinsicAttributes & IntrinsicClassAttributes<Component<Props, any, any>> & Readonly<Props> & Readonly<{ children?: ReactNode; }>'.
packages/components/PagingNav/stories.tsx(54,13): error TS2339: Property 'withHref' does not exist on type 'Readonly<{}> & Readonly<{ children?: ReactNode; }>'.
packages/components/PagingNav/stories.tsx(57,8): error TS2322: Type '{ total: number; itemsPerPage: number; activePage: number; onPageClick: (activePage: any, event: any) => void; getPageHref: ((page: any) => string) | undefined; }' is not assignable to type 'IntrinsicAttributes & IntrinsicClassAttributes<Component<Props, any, any>> & Readonly<Props> & Readonly<{ children?: ReactNode; }>'.
packages/components/PagingNav/stories.tsx(89,8): error TS2322: Type '{ withHref: true; }' is not assignable to type 'IntrinsicAttributes & IntrinsicClassAttributes<PagingNavWrapper> & Readonly<{}> & Readonly<{ children?: ReactNode; }>'.
packages/components/Price/index.tsx(30,15): error TS2339: Property 'accentuatedOldPrice' does not exist on type 'Pick<DetailedHTMLProps<HTMLAttributes<HTMLElement>, HTMLElement>, "title" | "style" | "key" | "defaultChecked" | "defaultValue" | "suppressContentEditableWarning" | ... 247 more ... | "onTransitionEndCapture"> & { ...; } & ThemeProps<...>'.
packages/components/Price/index.tsx(32,22): error TS2339: Property 'noMargin' does not exist on type 'Pick<DetailedHTMLProps<HTMLAttributes<HTMLElement>, HTMLElement>, "title" | "style" | "key" | "defaultChecked" | "defaultValue" | "suppressContentEditableWarning" | ... 247 more ... | "onTransitionEndCapture"> & { ...; } & ThemeProps<...>'.
packages/components/Price/index.tsx(97,12): error TS2322: Type '{ children: string; noMargin: true; accentuatedOldPrice: boolean | undefined; }' is not assignable to type 'IntrinsicAttributes & Pick<Pick<Pick<DetailedHTMLProps<HTMLAttributes<HTMLElement>, HTMLElement>, "title" | "style" | "key" | "defaultChecked" | "defaultValue" | "suppressContentEditableWarning" | ... 247 more ... | "onTransitionEndCapture"> & { ...; }, "title" | ... 253 more ... | "onTransitionEndCapture"> & Partia...'.
packages/components/Price/index.tsx(107,10): error TS2322: Type '{ children: string; accentuatedOldPrice: boolean | undefined; }' is not assignable to type 'IntrinsicAttributes & Pick<Pick<Pick<DetailedHTMLProps<HTMLAttributes<HTMLElement>, HTMLElement>, "title" | "style" | "key" | "defaultChecked" | "defaultValue" | "suppressContentEditableWarning" | ... 247 more ... | "onTransitionEndCapture"> & { ...; }, "title" | ... 253 more ... | "onTransitionEndCapture"> & Partia...'.
packages/components/Price/stories.tsx(18,5): error TS2605: JSX element type 'ReactNode' is not a constructor function for JSX elements.
packages/components/ProductItemCard/Skeleton.tsx(8,5): error TS2605: JSX element type 'ReactNode' is not a constructor function for JSX elements.
packages/components/ProductItemCard/Skeleton.tsx(9,5): error TS2605: JSX element type 'ReactNode' is not a constructor function for JSX elements.
packages/components/ProductItemCard/Skeleton.tsx(15,5): error TS2605: JSX element type 'ReactNode' is not a constructor function for JSX elements.
packages/components/ProductItemCard/index.tsx(201,8): error TS2322: Type '{ children: Element; appearanceLabel: string; appearances: Appearance[]; sizesLabel: string; sizes: string[]; onMouseEnter: () => void; onMouseLeave: () => void; textCenter: true; }' is not assignable to type 'IntrinsicAttributes & Pick<Pick<Props, "leader" | "trailer" | "children" | "backgroundColor" | "backgroundImage" | "backgroundSize" | "spacing" | "muted" | "verticalCenter" | ... 9 more ... | "actionsTop"> & Partial<...>, "leader" | ... 17 more ... | "actionsTop"> & { ...; } & { ...; }'.
packages/components/ProductItemCard/index.tsx(221,14): error TS2322: Type '{ children: Element; spaceAfter: number; }' is not assignable to type 'IntrinsicAttributes & Props'.
packages/components/ProductItemCard/index.tsx(228,15): error TS2605: JSX element type 'ReactNode' is not a constructor function for JSX elements.
packages/components/ProductItemCard/stories.tsx(116,11): error TS2741: Property 'color' is missing in type '{ imageUrl: string; }' but required in type 'Appearance'.
packages/components/ProductItemCard/stories.tsx(151,10): error TS2322: Type '{ img: any; title: any; price: any; priceOld: any; discount: any; priceFromText: string; currency: string; locale: string; appearanceLabel: string; appearances: any; sizesLabel: string; sizes: any; status: any; href: string; target: string; }' is not assignable to type 'IntrinsicAttributes & IntrinsicClassAttributes<ProductItemCard> & Readonly<Props> & Readonly<{ children?: ReactNode; }>'.
packages/components/ProductItemCard/stories.tsx(182,11): error TS2339: Property 'priceOld' does not exist on type '{ img: { src: string; }; title: string; price: number; appearances: { color: string; }[]; sizes: string[]; }'.
packages/components/ProductItemCard/stories.tsx(183,11): error TS2339: Property 'discount' does not exist on type '{ img: { src: string; }; title: string; price: number; appearances: { color: string; }[]; sizes: string[]; }'.
packages/components/ProductItemCard/stories.tsx(186,11): error TS2339: Property 'status' does not exist on type '{ img: { src: string; }; title: string; price: number; appearances: { color: string; }[]; sizes: string[]; }'.
packages/components/ProductItemCard/stories.tsx(190,12): error TS2322: Type '{ key: string; img: { src: string; }; title: string; price: number; priceOld: any; discount: any; priceFromText: string; currency: string; locale: string; appearanceLabel: string; appearances: { color: string; }[]; ... 4 more ...; target: string; }' is not assignable to type 'IntrinsicAttributes & IntrinsicClassAttributes<ProductItemCard> & Readonly<Props> & Readonly<{ children?: ReactNode; }>'.
packages/components/ProductItemCard/stories.tsx(222,7): error TS2605: JSX element type 'ReactNode' is not a constructor function for JSX elements.
packages/components/ProductTypeCard/index.tsx(37,7): error TS2605: JSX element type 'ReactNode' is not a constructor function for JSX elements.
packages/components/ProductTypeCard/stories.tsx(56,7): error TS2605: JSX element type 'ReactNode' is not a constructor function for JSX elements.
packages/components/ProductTypeCard/stories.tsx(62,34): error TS2345: Argument of type '(string | undefined)[]' is not assignable to parameter of type 'readonly (string | number | string[])[]'.
packages/components/ProductTypeCard/stories.tsx(91,9): error TS2605: JSX element type 'ReactNode' is not a constructor function for JSX elements.
packages/components/ProductTypeCard/stories.tsx(97,36): error TS2345: Argument of type '(string | undefined)[]' is not assignable to parameter of type 'readonly (string | number | string[])[]'.
packages/components/ProductTypeImage/stories.tsx(18,6): error TS2322: Type '{ productTypeId: number; viewId: number; appearanceId: number; width: string; ratio: number; placeholder: string; }' is not assignable to type 'IntrinsicAttributes & Props'.
packages/components/ProductTypeSizeImage/index.tsx(37,55): error TS2345: Argument of type 'number[]' is not assignable to parameter of type 'ImageSize[]'.
packages/components/ProductTypeSizeImage/stories.tsx(21,6): error TS2322: Type '{ productTypeId: number; width: string; ratio: number; placeholder: string; }' is not assignable to type 'IntrinsicAttributes & Props'.
packages/components/SelectButton/stories.tsx(21,5): error TS2605: JSX element type 'ReactNode' is not a constructor function for JSX elements.
packages/components/ShareButton/index.tsx(56,10): error TS2739: Type '{ children: Element; circleColor: string; }' is missing the following properties from type 'Pick<Pick<Pick<DetailedHTMLProps<HTMLAttributes<HTMLSpanElement>, HTMLSpanElement>, "title" | "style" | "key" | "defaultChecked" | "defaultValue" | "suppressContentEditableWarning" | ... 247 more ... | "onTransitionEndCapture"> & { ...; } & Props, "title" | ... 256 more ... | "circleColor"> & Partial<...>, "title" |...': label, icon
packages/components/ShareButton/stories.tsx(22,5): error TS2605: JSX element type 'ReactNode' is not a constructor function for JSX elements.
packages/components/ShareButton/stories.tsx(33,5): error TS2605: JSX element type 'ReactNode' is not a constructor function for JSX elements.
packages/components/ShareButtonList/stories.tsx(19,5): error TS2605: JSX element type 'ReactNode' is not a constructor function for JSX elements.
packages/components/ShareButtonList/stories.tsx(20,7): error TS2605: JSX element type 'ReactNode' is not a constructor function for JSX elements.
packages/components/ShareButtonList/stories.tsx(26,7): error TS2605: JSX element type 'ReactNode' is not a constructor function for JSX elements.
packages/components/ShareButtonList/stories.tsx(32,7): error TS2605: JSX element type 'ReactNode' is not a constructor function for JSX elements.
packages/components/ShareButtonList/stories.tsx(34,7): error TS2605: JSX element type 'ReactNode' is not a constructor function for JSX elements.
packages/components/SizesTable/stories.tsx(66,5): error TS2605: JSX element type 'ReactNode' is not a constructor function for JSX elements.
packages/components/Skeleton/stories.tsx(20,5): error TS2605: JSX element type 'ReactNode' is not a constructor function for JSX elements.
packages/components/SplitLayout/index.tsx(80,6): error TS2739: Type '{ children: Element[]; dividerTop?: boolean | undefined; dividerBottom?: boolean | undefined; trailer?: number | undefined; leader?: number | undefined; }' is missing the following properties from type 'Pick<Pick<Pick<DetailedHTMLProps<HTMLAttributes<HTMLDivElement>, HTMLDivElement>, "title" | "style" | "key" | "defaultChecked" | "defaultValue" | "suppressContentEditableWarning" | ... 247 more ... | "onTransitionEndCapture"> & { ...; } & Props, "title" | ... 262 more ... | "dividerBottom"> & Partial<...>, "title" |...': left, right
packages/components/SplitLayout/index.tsx(81,12): error TS2322: Type 'boolean | undefined' is not assignable to type 'boolean'.
packages/components/SplitLayout/index.tsx(81,28): error TS2322: Type 'number | undefined' is not assignable to type 'number'.
packages/components/SplitLayout/index.tsx(84,12): error TS2322: Type 'boolean | undefined' is not assignable to type 'boolean'.
packages/components/SplitLayout/index.tsx(84,28): error TS2322: Type 'number | undefined' is not assignable to type 'number'.
packages/components/SplitLayout/stories.tsx(22,6): error TS2322: Type '{ dividerTop: boolean; dividerBottom: boolean; center: boolean; leader: number; trailer: number; spacingLeft: number; spacingRight: number; left: Element; right: Element; style: { width: string; backgroundColor: string; }; }' is not assignable to type 'IntrinsicAttributes & Props'.
packages/components/TabContent/index.tsx(47,8): error TS2322: Type '{ children: Element[]; activeItem: number; style: { transform: string; }; }' is not assignable to type 'IntrinsicAttributes & Pick<Pick<Pick<DetailedHTMLProps<HTMLAttributes<HTMLDivElement>, HTMLDivElement>, "title" | "style" | "key" | "defaultChecked" | "defaultValue" | ... 248 more ... | "onTransitionEndCapture"> & { ...; }, "title" | ... 253 more ... | "onTransitionEndCapture"> & Partial<...>, "title" | ... 253 mor...'.
packages/components/TabContent/index.tsx(50,38): error TS2322: Type 'number' is not assignable to type '0'.
packages/components/TabContent/stories.tsx(28,16): error TS2554: Expected 2-4 arguments, but got 1.
packages/components/TabContent/stories.tsx(80,12): error TS2322: Type '{ title: string; value: number; active: boolean; onClick: (e: any) => void; grow: true; }' is not assignable to type 'IntrinsicAttributes & Props'.
packages/components/TabContent/stories.tsx(87,12): error TS2322: Type '{ title: string; value: number; active: boolean; onClick: (e: any) => void; grow: true; }' is not assignable to type 'IntrinsicAttributes & Props'.
packages/components/TabContent/stories.tsx(94,12): error TS2322: Type '{ title: string; value: number; active: boolean; onClick: (e: any) => void; grow: true; }' is not assignable to type 'IntrinsicAttributes & Props'.
packages/components/TabNav/Item.tsx(75,27): error TS2322: Type 'boolean | undefined' is not assignable to type 'boolean'.
packages/components/TabNav/Item.tsx(75,43): error TS2322: Type 'boolean | undefined' is not assignable to type 'boolean'.
packages/components/TabNav/index.tsx(1,17): error TS2305: Module '"../../../node_modules/@types/react"' has no exported member 'ChildrenArray'.
packages/components/TabNav/stories.tsx(20,6): error TS2322: Type '{ children: Element[]; style: { maxWidth: number; }; leader: any; trailer: any; }' is not assignable to type 'IntrinsicAttributes & Props'.
packages/components/TabNav/stories.tsx(25,15): error TS2554: Expected 2-4 arguments, but got 1.
packages/components/TabNav/stories.tsx(26,16): error TS2554: Expected 2-4 arguments, but got 1.
packages/components/TabNav/stories.tsx(35,16): error TS2554: Expected 2-4 arguments, but got 1.
packages/components/TabNav/stories.tsx(40,16): error TS2554: Expected 2-4 arguments, but got 1.
packages/components/Table/Row.tsx(1,17): error TS2305: Module '"../../../node_modules/@types/react"' has no exported member 'ChildrenArray'.
packages/components/Table/stories.tsx(31,12): error TS2322: Type '{ children: string; rowSpan: string; }' is not assignable to type 'IntrinsicAttributes & Props'.
packages/components/Table/stories.tsx(41,12): error TS2322: Type '{ children: string; colSpan: string; }' is not assignable to type 'IntrinsicAttributes & Props'.
packages/components/Tag/stories.tsx(20,41): error TS2605: JSX element type 'ReactNode' is not a constructor function for JSX elements.
packages/components/Tag/stories.tsx(27,7): error TS2605: JSX element type 'ReactNode' is not a constructor function for JSX elements.
packages/components/Tag/stories.tsx(37,7): error TS2605: JSX element type 'ReactNode' is not a constructor function for JSX elements.
packages/components/Tag/stories.tsx(38,7): error TS2605: JSX element type 'ReactNode' is not a constructor function for JSX elements.
packages/components/Text/Skeleton.tsx(34,5): error TS2605: JSX element type 'ReactNode' is not a constructor function for JSX elements.
packages/components/Text/stories.tsx(31,7): error TS2322: Type 'string' is not assignable to type '"xxs" | "xs" | "sm" | "md" | "lg" | "xl" | "xxxl" | "xxl" | "xxxxl" | { [key: string]: SizeProps; [key: number]: SizeProps; } | undefined'.
packages/components/Text/stories.tsx(37,7): error TS2322: Type 'string' is not assignable to type '"div" | "p" | "s" | "span" | undefined'.
packages/components/Text/stories.tsx(38,7): error TS2322: Type 'string' is not assignable to type 'number | undefined'.
packages/components/Text/stories.tsx(39,7): error TS2322: Type 'string' is not assignable to type 'number | undefined'.
packages/components/Text/stories.tsx(42,40): error TS2345: Argument of type '1' is not assignable to parameter of type 'string | null'.
packages/components/Text/stories.tsx(59,9): error TS2322: Type 'string' is not assignable to type '"xxs" | "xs" | "sm" | "md" | "lg" | "xl" | "xxxl" | "xxl" | "xxxxl" | { [key: string]: SizeProps; [key: number]: SizeProps; } | undefined'.
packages/components/Text/stories.tsx(65,9): error TS2322: Type 'string' is not assignable to type '"div" | "p" | "s" | "span" | undefined'.
packages/components/Text/stories.tsx(66,9): error TS2322: Type 'string' is not assignable to type 'number | undefined'.
packages/components/Text/stories.tsx(67,9): error TS2322: Type 'string' is not assignable to type 'number | undefined'.
packages/components/Text/stories.tsx(70,42): error TS2345: Argument of type '1' is not assignable to parameter of type 'string | null'.
packages/components/Text/stories.tsx(91,9): error TS2322: Type 'string' is not assignable to type '"xxs" | "xs" | "sm" | "md" | "lg" | "xl" | "xxxl" | "xxl" | "xxxxl" | { [key: string]: SizeProps; [key: number]: SizeProps; } | undefined'.
packages/components/Text/stories.tsx(97,9): error TS2322: Type 'string' is not assignable to type '"div" | "p" | "s" | "span" | undefined'.
packages/components/Text/stories.tsx(98,9): error TS2322: Type 'string' is not assignable to type 'number | undefined'.
packages/components/Text/stories.tsx(99,9): error TS2322: Type 'string' is not assignable to type 'number | undefined'.
packages/components/Text/stories.tsx(123,9): error TS2322: Type 'string' is not assignable to type '"xxs" | "xs" | "sm" | "md" | "lg" | "xl" | "xxxl" | "xxl" | "xxxxl" | undefined'.
packages/components/TextSpacer/stories.tsx(19,11): error TS2322: Type 'string' is not assignable to type '"xxs" | "xs" | "sm" | "md" | "lg" | "xl" | "xxxl" | "xxl" | "xxxxl" | { [key: string]: SizeProps; [key: number]: SizeProps; } | undefined'.
packages/components/TextSpacer/stories.tsx(21,8): error TS2322: Type '{ children: string; spaceBefore: number; spaceAfter: number; }' is not assignable to type 'IntrinsicAttributes & Props'.
packages/components/Toast/index.tsx(116,6): error TS2741: Property 'text' is missing in type '{ children: (Element | undefined)[]; onClick: (() => void) | undefined; color: string; backgroundColor: any; leader: number | undefined; trailer: number | undefined; }' but required in type 'Pick<Pick<Pick<DetailedHTMLProps<HTMLAttributes<HTMLElement>, HTMLElement>, "title" | "style" | "key" | "defaultChecked" | "defaultValue" | "suppressContentEditableWarning" | ... 247 more ... | "onTransitionEndCapture"> & { ...; } & Props & { ...; }, "title" | ... 259 more ... | "onClose"> & Partial<...>, "title" | ...'.
packages/components/Toast/stories.tsx(23,7): error TS2322: Type 'string' is not assignable to type '"success" | "error" | "warning" | "info" | undefined'.
packages/components/Toast/stories.tsx(24,15): error TS2554: Expected 2-4 arguments, but got 1.
packages/components/Toast/stories.tsx(25,16): error TS2554: Expected 2-4 arguments, but got 1.
packages/components/Tooltip/stories.tsx(27,16): error TS2322: Type 'string' is not assignable to type '"bottom" | "left" | "right" | "top" | undefined'.
packages/components/Upload/index.tsx(116,7): error TS2605: JSX element type 'ReactNode' is not a constructor function for JSX elements.
packages/components/Upload/index.tsx(167,8): error TS2741: Property 'onDrop' is missing in type '{ children: Element; initialMessage: string; acceptedMessage: string; rejectedMessage: string; supportedFormatsMessage: string; supportedFormats: string[]; hasListContent: boolean; }' but required in type 'Pick<Pick<Pick<DetailedHTMLProps<HTMLAttributes<HTMLDivElement>, HTMLDivElement>, "title" | "style" | "key" | "defaultChecked" | "defaultValue" | "suppressContentEditableWarning" | ... 247 more ... | "onTransitionEndCapture"> & { ...; } & Props, "title" | ... 264 more ... | "supportedFormats"> & Partial<...>, "title...'.
packages/components/Upload/stories.tsx(20,7): error TS2322: Type 'HandlerFunction' is not assignable to type '(acceptedFiles: File[] | null | undefined, rejectedFiles: File[] | null | undefined) => Promise<void>'.
packages/components/__basic__/BaselineDebug.tsx(25,8): error TS2339: Property 'visible' does not exist on type 'Pick<DetailedHTMLProps<HTMLAttributes<HTMLDivElement>, HTMLDivElement>, "title" | "style" | "key" | "defaultChecked" | "defaultValue" | "suppressContentEditableWarning" | ... 247 more ... | "onTransitionEndCapture"> & { ...; } & ThemeProps<...>'.
packages/components/__basic__/BaselineDebug.tsx(50,10): error TS2322: Type '{ children: string[]; size: "sm"; onClick: () => void; }' is not assignable to type 'IntrinsicAttributes & Pick<Pick<Props, "theme" | "children" | "size" | "uppercase" | "disabled" | "type" | "fullWidth" | "tagName" | "visuallyDisabled" | "loading" | "rounded" | "iconLeft" | "iconRight"> & Partial<...>, "children" | ... 10 more ... | "iconRight"> & { ...; } & { ...; }'.
packages/components/__basic__/BaselineDebug.tsx(54,10): error TS2322: Type '{ children: any; visible: boolean; }' is not assignable to type 'IntrinsicAttributes & Pick<Pick<Pick<DetailedHTMLProps<HTMLAttributes<HTMLDivElement>, HTMLDivElement>, "title" | "style" | "key" | "defaultChecked" | "defaultValue" | ... 248 more ... | "onTransitionEndCapture"> & { ...; }, "title" | ... 253 more ... | "onTransitionEndCapture"> & Partial<...>, "title" | ... 253 mor...'.
packages/components/__basic__/Colors.tsx(15,15): error TS2339: Property 'small' does not exist on type 'Pick<DetailedHTMLProps<HTMLAttributes<HTMLDivElement>, HTMLDivElement>, "title" | "style" | "key" | "defaultChecked" | "defaultValue" | "suppressContentEditableWarning" | ... 247 more ... | "onTransitionEndCapture"> & { ...; } & ThemeProps<...>'.
packages/components/__basic__/Colors.tsx(56,10): error TS2322: Type '{ children: Element[]; key: string; color: any; small: true; }' is not assignable to type 'IntrinsicAttributes & Pick<Pick<Pick<DetailedHTMLProps<HTMLAttributes<HTMLDivElement>, HTMLDivElement>, "title" | "style" | "key" | "defaultChecked" | "defaultValue" | ... 248 more ... | "onTransitionEndCapture"> & { ...; }, "title" | ... 253 more ... | "onTransitionEndCapture"> & Partial<...>, "title" | ... 253 mor...'.
packages/components/__basic__/Typography.tsx(34,8): error TS2339: Property 'sizeKey' does not exist on type 'Pick<DetailedHTMLProps<HTMLAttributes<HTMLDivElement>, HTMLDivElement>, "title" | "style" | "key" | "defaultChecked" | "defaultValue" | "suppressContentEditableWarning" | ... 247 more ... | "onTransitionEndCapture"> & { ...; } & ThemeProps<...>'.
packages/components/__basic__/Typography.tsx(58,12): error TS2322: Type '{ children: string; sizeKey: string; }' is not assignable to type 'IntrinsicAttributes & Pick<Pick<Pick<DetailedHTMLProps<HTMLAttributes<HTMLDivElement>, HTMLDivElement>, "title" | "style" | "key" | "defaultChecked" | "defaultValue" | ... 248 more ... | "onTransitionEndCapture"> & { ...; }, "title" | ... 253 more ... | "onTransitionEndCapture"> & Partial<...>, "title" | ... 253 mor...'.
packages/components/__basic__/Typography.tsx(68,6): error TS2322: Type '{ children: Element[]; style: { maxWidth: number; }; }' is not assignable to type 'IntrinsicAttributes & IntrinsicClassAttributes<BaselineDebug> & Readonly<Props> & Readonly<{ children?: ReactNode; }>'.
packages/components/__basic__/Typography.tsx(74,10): error TS2322: Type '{ children: string; key: string; sizeKey: string; }' is not assignable to type 'IntrinsicAttributes & Pick<Pick<Pick<DetailedHTMLProps<HTMLAttributes<HTMLDivElement>, HTMLDivElement>, "title" | "style" | "key" | "defaultChecked" | "defaultValue" | ... 248 more ... | "onTransitionEndCapture"> & { ...; }, "title" | ... 253 more ... | "onTransitionEndCapture"> & Partial<...>, "title" | ... 253 mor...'.
packages/decorators/TagInput/index.tsx(83,10): error TS2533: Object is possibly 'null' or 'undefined'.
packages/exceptions/dom/ElementExistsException.ts(9,10): error TS2339: Property 'id' does not exist on type 'ElementExistsException'.
packages/exceptions/http/NetworkError.ts(9,10): error TS2339: Property 'url' does not exist on type 'NetworkError'.
packages/exceptions/http/index.ts(283,10): error TS2339: Property 'url' does not exist on type 'HttpException'.
packages/exceptions/http/index.ts(284,10): error TS2339: Property 'status' does not exist on type 'HttpException'.
packages/exceptions/http/index.ts(285,10): error TS2339: Property 'type' does not exist on type 'HttpException'.
packages/exceptions/http/index.ts(286,10): error TS2339: Property 'response' does not exist on type 'HttpException'.
packages/exceptions/http/index.ts(287,10): error TS2339: Property 'request' does not exist on type 'HttpException'.
packages/gitlab-updater/services/gitlab.ts(17,5): error TS2345: Argument of type 'string' is not assignable to parameter of type '"GET" | "PUT" | "POST" | "DELETE" | undefined'.
packages/gitlab-updater/services/gitlab.ts(73,5): error TS2345: Argument of type 'string' is not assignable to parameter of type '"GET" | "PUT" | "POST" | "DELETE" | undefined'.
packages/gitlab-updater/services/gitlab.ts(106,5): error TS2345: Argument of type 'string' is not assignable to parameter of type '"GET" | "PUT" | "POST" | "DELETE" | undefined'.
packages/styles/global/index.ts(1,22): error TS2307: Cannot find module 'sanitize.css/sanitize.css'.
packages/styles/global/index.ts(6,19): error TS2307: Cannot find module './reset.css'.
packages/styles/global/index.ts(7,19): error TS2307: Cannot find module './fonts.css'.
packages/utils/asset-provider/cloudinary.ts(111,5): error TS2345: Argument of type '(result: string[], transformationValue: string, transformationName: string) => string[]' is not assignable to parameter of type 'MemoObjectIterator<string | number | string[] | Flags[] | undefined, string[], { width?: number | undefined; height?: number | undefined; crop: string; aspect_ratio?: number | undefined; format: string; quality: string | number; flags: string[] | Flags[]; }>'.
packages/utils/asset-provider/index.ts(72,11): error TS2345: Argument of type '{ width: number; height: number; }' is not assignable to parameter of type 'SprdTransformations'.
packages/utils/asset-provider/index.ts(82,9): error TS2345: Argument of type '{ width: number; height: number; }' is not assignable to parameter of type 'SprdTransformations'.
packages/utils/asset-provider/index.ts(96,5): error TS2345: Argument of type '{ width: ImageSize; height: ImageSize; } | { width: ImageSize; height: ImageSize; mediaType?: "png" | "jpg" | null | undefined; backgroundColor?: string | null | undefined; color?: string[] | null | undefined; }' is not assignable to parameter of type 'SprdTransformations | undefined'.
packages/utils/asset-provider/index.ts(103,3): error TS2322: Type 'number[]' is not assignable to type 'ImageSize[]'.
packages/utils/asset-provider/index.ts(116,3): error TS2322: Type 'string' is not assignable to type 'AssetProvider'.
packages/utils/asset-provider/index.ts(130,3): error TS2322: Type 'number[]' is not assignable to type 'ImageSize[]'.
packages/utils/asset-provider/index.ts(131,3): error TS2322: Type 'string' is not assignable to type 'AssetProvider'.
packages/utils/asset-provider/index.ts(147,3): error TS2322: Type 'string' is not assignable to type 'AssetProvider'.
packages/utils/asset-provider/index.ts(159,3): error TS2322: Type 'number[]' is not assignable to type 'ImageSize[]'.
packages/utils/asset-provider/index.ts(171,3): error TS2322: Type 'string' is not assignable to type 'AssetProvider'.
packages/utils/asset-provider/index.ts(183,3): error TS2322: Type 'number[]' is not assignable to type 'ImageSize[]'.
packages/utils/asset-provider/index.ts(185,3): error TS2322: Type 'string' is not assignable to type 'AssetProvider'.
packages/utils/asset-provider/index.ts(199,3): error TS2322: Type 'string' is not assignable to type 'AssetProvider'.
packages/utils/asset-provider/index.ts(211,3): error TS2322: Type 'number[]' is not assignable to type 'DesignImageSize[]'.
packages/utils/asset-provider/index.ts(212,3): error TS2322: Type 'string' is not assignable to type 'AssetProvider'.
packages/utils/asset-provider/index.ts(243,3): error TS2322: Type 'string' is not assignable to type 'AssetProvider'.
packages/utils/asset-provider/index.ts(256,3): error TS2322: Type 'string' is not assignable to type 'AssetProvider'.
packages/utils/asset-provider/sprd.ts(48,5): error TS2345: Argument of type '(result: string[], transformationValue: string, transformationKey: string) => string[]' is not assignable to parameter of type 'MemoObjectIterator<string | number | string[] | null | undefined, string[], SprdTransformations>'.
packages/utils/asset-provider/sprd.ts(70,62): error TS2345: Argument of type '{ mediaType: string; } | { width?: number | null | undefined; mediaType: string | null; backgroundColor?: string | null | undefined; color?: string[] | null | undefined; }' is not assignable to parameter of type 'SprdTransformations'.
packages/utils/async/index.ts(36,3): error TS2322: Type 'Promise<object>' is not assignable to type 'Promise<R[]>'.
packages/utils/async/index.ts(109,15): error TS2554: Expected 2 arguments, but got 1.
packages/utils/dom/index.ts(20,5): error TS2322: Type '(error: Error) => void' is not assignable to type 'OnErrorEventHandlerNonNull'.
packages/utils/dom/index.ts(37,20): error TS2339: Property 'dataset' does not exist on type 'Element'.
packages/utils/dom/index.ts(43,29): error TS2345: Argument of type 'Element' is not assignable to parameter of type 'HTMLElement'.
packages/utils/input/tagInput/index.ts(15,24): error TS2304: Cannot find name 'SyntheticKeyboardEvent'.
packages/utils/input/tagInput/index.ts(16,26): error TS2304: Cannot find name 'SyntheticKeyboardEvent'.
packages/utils/input/tagInput/index.ts(61,31): error TS2304: Cannot find name 'SyntheticKeyboardEvent'.
packages/utils/input/tagInput/index.ts(87,33): error TS2304: Cannot find name 'SyntheticKeyboardEvent'.
packages/utils/locale/index.ts(12,13): error TS2304: Cannot find name 'Intl$NumberFormatOptions'.
packages/utils/message-queue/index.ts(171,13): error TS2456: Type alias 'Serializable' circularly references itself.
packages/utils/message-queue/index.ts(184,5): error TS2322: Type 'void' is not assignable to type 'boolean'.
packages/utils/message-queue/index.ts(219,9): error TS2554: Expected 2 arguments, but got 1.
packages/utils/message-queue/index.ts(253,12): error TS2554: Expected 2 arguments, but got 1.
packages/utils/message-queue/index.ts(266,16): error TS2722: Cannot invoke an object which is possibly 'undefined'.
packages/utils/message-queue/index.ts(266,16): error TS2554: Expected 1 arguments, but got 0.
packages/utils/message-queue/index.ts(271,14): error TS2722: Cannot invoke an object which is possibly 'undefined'.
packages/utils/message-queue/index.ts(379,5): error TS2345: Argument of type '((p1: string, p2: MessageQueueException | null | undefined) => any) | undefined' is not assignable to parameter of type '((p: string) => any) | undefined'.
packages/utils/message-queue/index.ts(417,59): error TS2345: Argument of type 'string | Buffer' is not assignable to parameter of type 'string'.
packages/utils/message-queue/server.ts(109,63): error TS2345: Argument of type '((p1: string | Error, p2: Message | null | undefined) => any) | undefined' is not assignable to parameter of type '((p1: string, p2: MessageQueueException | Message | null | undefined) => any) | undefined'.
packages/utils/message-queue/server.ts(110,7): error TS2345: Argument of type '((p1: string | Error, p2: Message | null | undefined) => any) | undefined' is not assignable to parameter of type '((p: string | Error) => any) | undefined'.
packages/utils/message-queue/server.ts(118,17): error TS2554: Expected 2 arguments, but got 1.
packages/utils/mongo-db/index.ts(1,19): error TS2307: Cannot find module 'mongodb'.
packages/utils/mongo-db/index.ts(48,13): error TS2456: Type alias 'FindResult' circularly references itself.
packages/utils/request/index.ts(60,3): error TS2322: Type 'string' is not assignable to type 'HttpMethod'.
packages/utils/request/index.ts(69,18): error TS2693: 'CancelToken' only refers to a type, but is being used as a value here.
packages/utils/request/index.ts(74,11): error TS2345: Argument of type '{ url: string; method: HttpMethod; data: any; params: object | null; headers: object; validateStatus: () => true; onUploadProgress: ((event: ProgressEvent) => void) | null; cancelToken: any; }' is not assignable to parameter of type 'string'.
packages/utils/social/facebook/index.ts(10,42): error TS2339: Property 'FB' does not exist on type 'Window'.
packages/utils/social/facebook/index.ts(53,15): error TS2339: Property 'FB' does not exist on type 'Window'.
packages/utils/social/facebook/index.ts(57,10): error TS2339: Property 'FB' does not exist on type 'Window'.
packages/utils/social/facebook/index.ts(66,14): error TS2339: Property 'FB' does not exist on type 'Window'.
packages/utils/social/facebook/index.ts(69,41): error TS2339: Property 'FB' does not exist on type 'Window'.
packages/utils/social/google/index.ts(10,42): error TS2339: Property 'gapi' does not exist on type 'Window'.
packages/utils/social/google/index.ts(44,15): error TS2339: Property 'gapi' does not exist on type 'Window'.
packages/utils/social/google/index.ts(49,12): error TS2339: Property 'gapi' does not exist on type 'Window'.
packages/utils/social/google/index.ts(51,14): error TS2339: Property 'gapi' does not exist on type 'Window'.
packages/utils/social/google/index.ts(63,15): error TS2339: Property 'gapi' does not exist on type 'Window'.
packages/utils/social/google/index.ts(63,31): error TS2339: Property 'gapi' does not exist on type 'Window'.
packages/utils/social/google/index.ts(67,37): error TS2339: Property 'gapi' does not exist on type 'Window'.
packages/utils/style/media/index.ts(2,15): error TS2305: Module '"../../../../node_modules/@types/styled-components"' has no exported member 'RuleSet'.
packages/utils/style/media/index.ts(54,18): error TS2557: Expected at least 1 arguments, but got 0 or more.
packages/utils/style/media/index.ts(58,15): error TS2557: Expected at least 1 arguments, but got 0 or more.
packages/utils/style/media/index.ts(74,15): error TS2557: Expected at least 1 arguments, but got 0 or more.
packages/utils/style/media/index.ts(92,15): error TS2557: Expected at least 1 arguments, but got 0 or more.
packages/utils/style/media/index.ts(111,15): error TS2557: Expected at least 1 arguments, but got 0 or more.
packages/utils/style/media/index.ts(129,5): error TS2345: Argument of type '(result: any, name: BreakpointKey) => any' is not assignable to parameter of type '(previousValue: any, currentValue: string, currentIndex: number, array: string[]) => any'.
packages/utils/style/responsive-config/index.ts(46,35): error TS2538: Type 'undefined' cannot be used as an index type.
packages/utils/tracking/adobeAnalytics/index.ts(17,17): error TS2339: Property '_satellite' does not exist on type 'Window'.
packages/utils/tracking/adobeAnalytics/index.ts(17,54): error TS2339: Property '_satellite' does not exist on type 'Window'.
packages/utils/tracking/adobeAnalytics/index.ts(22,10): error TS2339: Property 'analytics' does not exist on type 'Window'.
packages/utils/tracking/adobeAnalytics/index.ts(24,15): error TS2339: Property 'analytics' does not exist on type 'Window'.
packages/utils/tracking/adobeAnalytics/index.ts(31,10): error TS2339: Property 'analytics' does not exist on type 'Window'.
packages/utils/tracking/adobeAnalytics/index.ts(38,10): error TS2339: Property 'analytics' does not exist on type 'Window'.
packages/utils/tracking/adobeAnalytics/index.ts(43,10): error TS2339: Property 'analytics' does not exist on type 'Window'.
packages/utils/tracking/adobeAnalytics/index.ts(52,10): error TS2339: Property 'analytics' does not exist on type 'Window'.
packages/utils/tracking/adobeAnalytics/index.ts(53,15): error TS2339: Property 'analytics' does not exist on type 'Window'.
packages/utils/tracking/adobeAnalytics/index.ts(65,17): error TS2339: Property '_satellite' does not exist on type 'Window'.
packages/utils/tracking/adobeAnalytics/index.ts(66,12): error TS2339: Property '_satellite' does not exist on type 'Window'.
packages/utils/tracking/adobeAnalytics/index.ts(70,17): error TS2339: Property '_satellite' does not exist on type 'Window'.
packages/utils/tracking/adobeAnalytics/index.ts(71,12): error TS2339: Property '_satellite' does not exist on type 'Window'.
packages/utils/tracking/adobeAnalytics/index.ts(76,10): error TS2339: Property 'analytics' does not exist on type 'Window'.
packages/utils/tracking/adobeAnalytics/index.ts(77,15): error TS2339: Property 'analytics' does not exist on type 'Window'.
packages/utils/tracking/adobeAnalytics/index.ts(84,17): error TS2339: Property '_satellite' does not exist on type 'Window'.
packages/utils/tracking/adobeAnalytics/index.ts(85,12): error TS2339: Property '_satellite' does not exist on type 'Window'.
packages/utils/tracking/adobeAnalytics/index.ts(90,10): error TS2339: Property 'analytics' does not exist on type 'Window'.
packages/utils/tracking/adobeAnalytics/index.ts(91,15): error TS2339: Property 'analytics' does not exist on type 'Window'.
packages/utils/tracking/adobeAnalytics/index.ts(98,17): error TS2339: Property '_satellite' does not exist on type 'Window'.
packages/utils/tracking/adobeAnalytics/index.ts(99,12): error TS2339: Property '_satellite' does not exist on type 'Window'.
packages/utils/tracking/adobeAnalytics/index.ts(128,10): error TS2339: Property 'abTest' does not exist on type 'Window'.
packages/utils/tracking/adobeAnalytics/index.ts(138,10): error TS2339: Property 'analytics' does not exist on type 'Window'.
packages/utils/tracking/adobeAnalytics/index.ts(138,29): error TS2339: Property 'analytics' does not exist on type 'Window'.
packages/utils/tracking/adobeAnalytics/index.ts(140,10): error TS2339: Property 'analytics' does not exist on type 'Window'.
packages/utils/tracking/adobeAnalytics/index.ts(140,37): error TS2339: Property 'analytics' does not exist on type 'Window'.
packages/utils/tracking/adobeAnalytics/index.ts(143,10): error TS2339: Property 'analytics' does not exist on type 'Window'.
packages/utils/tracking/index.ts(110,5): error TS2345: Argument of type 'Function[]' is not assignable to parameter of type '((trackItem: any) => void)[]'.
packages/utils/tracking/index.ts(118,5): error TS2345: Argument of type 'Function[]' is not assignable to parameter of type '((trackItem: any) => void)[]'.
packages/utils/tracking/index.ts(126,5): error TS2345: Argument of type 'Function[]' is not assignable to parameter of type '((trackItem: any) => void)[]'.
packages/utils/tracking/index.ts(134,5): error TS2345: Argument of type 'Function[]' is not assignable to parameter of type '((trackItem: any) => void)[]'.
packages/utils/tracking/index.ts(142,5): error TS2345: Argument of type 'Function[]' is not assignable to parameter of type '((trackItem: any) => void)[]'.
packages/utils/tracking/index.ts(150,5): error TS2345: Argument of type 'Function[]' is not assignable to parameter of type '((trackItem: any) => void)[]'.
packages/utils/tracking/index.ts(158,5): error TS2345: Argument of type 'Function[]' is not assignable to parameter of type '((trackItem: any) => void)[]'.
packages/utils/tracking/index.ts(166,5): error TS2345: Argument of type 'Function[]' is not assignable to parameter of type '((trackItem: any) => void)[]'.
packages/utils/tracking/index.ts(174,5): error TS2345: Argument of type 'Function[]' is not assignable to parameter of type '((trackItem: any) => void)[]'.
packages/utils/tracking/index.ts(182,5): error TS2345: Argument of type 'Function[]' is not assignable to parameter of type '((trackItem: any) => void)[]'.
